Microsoft (R) Macro Assembler Version 12.00.30501.0	    11/14/16 14:07:52
Forms.asm						     Page 1 - 1


				;;;Forms.asm
				;;;A program for reading in up to 10 names, phone numbers and email addresses
				;;;Due 11/11/2016
				;;;CSC322
				;;;Fall 2016


				INCLUDE IRVINE32.INC
			      C ; Include file for Irvine32.lib             (Irvine32.inc)
			      C 
			      C ;OPTION CASEMAP:NONE		; optional: make identifiers case-sensitive
			      C 
			      C INCLUDE SmallWin.inc		; MS-Windows prototypes, structures, and constants
			      C .NOLIST
			      C .LIST
			      C 
			      C INCLUDE VirtualKeys.inc
			      C ; VirtualKeys.inc
			      C .NOLIST
			      C .LIST
			      C 
			      C 
			      C .NOLIST
			      C .LIST
			      C 

 00000000			.data
 00000000 00000072		textColor           DWORD     green + (lightGray * 16)
 00000004 00000027		blankColor          DWORD     lightGray + (green * 16)

 00000008 57 65 6C 63 6F	headerStr           BYTE      "Welcome To A Forms Application - By: Matt Schnider",0
	   6D 65 20 54 6F
	   20 41 20 46 6F
	   72 6D 73 20 41
	   70 70 6C 69 63
	   61 74 69 6F 6E
	   20 2D 20 42 79
	   3A 20 4D 61 74
	   74 20 53 63 68
	   6E 69 64 65 72
	   00
 0000003B 46 69 72 73 74	firstStr            BYTE      "First Name:",0
	   20 4E 61 6D 65
	   3A 00
 00000047 4C 61 73 74 20	lastStr             BYTE      "Last Name:", 0
	   4E 61 6D 65 3A
	   00
 00000052 50 68 6F 6E 65	phoneStr            BYTE      "Phone:", 0
	   3A 00
 00000059 45 6D 61 69 6C	emailStr            BYTE      "Email:",0
	   3A 00
 00000060 52 65 63 6F 72	recordStr           BYTE      "Record Count",0
	   64 20 43 6F 75
	   6E 74 00
 0000006D 3C 45 6E 74 65	pressEnt	          BYTE      "<Enter> by itself to quit.",0
	   72 3E 20 62 79
	   20 69 74 73 65
	   6C 66 20 74 6F
	   20 71 75 69 74
	   2E 00
 00000088 20 00			Space               BYTE      " ",0

 0000008A 46 69 72 73 74	firstP		     BYTE      "First Name",0
	   20 4E 61 6D 65
	   00
 00000095 4C 61 73 74 20	lastP		     BYTE      "Last Name",0
	   4E 61 6D 65 00
 0000009F 50 68 6F 6E 65	phoneP		     BYTE      "Phone Number",0
	   20 4E 75 6D 62
	   65 72 00
 000000AC 45 6D 61 69 6C	emailP		     BYTE      "Email Address",0
	   20 41 64 64 72
	   65 73 73 00

 000000BA 01			PrintCount          BYTE      01
 000000BB 00			counter             BYTE      00
 000000BC  0000000F [		fifteenSpaces       BYTE      15 DUP(' '), 0
	    20
	   ] 00
 000000CC  0000000E [		fourteenSpaces      BYTE      14 DUP(' '), 0
	    20
	   ] 00
 000000DB  00000019 [		twentyFiveSpaces    BYTE      25 DUP(' '), 0
	    20
	   ] 00
 000000F5 52 65 63 6F 72	recordCounter	     BYTE      "Record Count:",0
	   64 20 43 6F 75
	   6E 74 3A 00
 00000103 05			printLine           BYTE      5

 00000104  0000000A [		theRecords	    BYTE      10 DUP(2 DUP(15 DUP(' '),0), 14 DUP(' '),0, 25 DUP(' '), 0)
	    00000002 [
	     0000000F [
	      20
	     ] 00
	    ]
	    0000000E [
	     20
	    ] 00
	    00000019 [
	     20
	    ] 00
	   ]
 000003DE  0000000F [		firstBuf	         BYTE      15 DUP(' ')
	    20
	   ]
 000003ED  0000000F [		lastBuf		    BYTE      15 DUP(' ')
	    20
	   ]
 000003FC  0000000E [		phoneBuf	         BYTE      14 DUP(' ')
	    20
	   ]
 0000040A  00000019 [		emailBuf	         BYTE      25 DUP(' ') 
	    20
	   ]
 00000423 00			byteCount	         BYTE      ?


 00000000			.code
 00000000			main PROC
 00000000  A1 00000000 R	     mov eax, textColor
 00000005  E8 00000000 E	     call SetTextColor
 0000000A  E8 00000000 E	     call clrscr

				    
 0000000F  B9 0000000A		     mov ecx, 10
				     
 00000014  BF 00000104 R	     mov edi, OFFSET theRecords

 00000019			RDATA:
 00000019  51			     push ecx

 0000001A  E8 000001BE		     call drawFields
 0000001F  B2 25			mov dl, (80 - SIZEOF fifteenSpaces)/2 +5
 00000021  B6 04			mov dh, 4
 00000023  E8 00000000 E		call gotoxy

 00000028  8B D7			mov edx, edi
 0000002A  B9 0000000F			mov ecx, LENGTHOF firstBuf
 0000002F  E8 00000000 E		call ReadString
 00000034  83 C7 10			add edi, SIZEOF firstBuf+1
 00000037  83 F8 00			cmp eax,0
 0000003A  74 56			je FinishedDataEntry
					
 0000003C  B2 25			mov dl,(80 - SIZEOF fifteenSpaces + 1)/2 + 5
 0000003E  B6 06			mov dh, 6
 00000040  E8 00000000 E		call gotoxy
 00000045  8B D7			mov edx, edi
 00000047  B9 0000000F			mov ecx, LENGTHOF lastBuf
 0000004C  E8 00000000 E		call ReadString
 00000051  83 C7 10			add edi, SIZEOF lastBuf+1

 00000054  B2 25			mov dl,((80 - SIZEOF fifteenSpaces)/2) + 5
 00000056  B6 08			mov dh, 8
 00000058  E8 00000000 E		call gotoxy
 0000005D  8B D7			mov edx, edi
 0000005F  B9 0000000E			mov ecx,LENGTHOF phoneBuf
 00000064  E8 00000000 E		call ReadString
 00000069  83 C7 0F			add edi, SIZEOF phoneBuf+1	

 0000006C  B2 25			mov dl,((80 - SIZEOF TwentyFiveSpaces)/2)+10
 0000006E  B6 0A			mov dh, 10
 00000070  E8 00000000 E		call gotoxy
 00000075  8B D7			mov edx, edi
 00000077  B9 00000019			mov ecx, LENGTHOF emailBuf
 0000007C  E8 00000000 E		call ReadString
 00000081  83 C7 1A			add edi, SIZEOF emailBuf+1

 00000084  FE 05 000000BB R		inc counter

					
				 
 0000008A  59				pop ecx
 0000008B  E2 8C		loop RDATA
 0000008D  E8 00000000 E		call clrscr

 00000092			FinishedDataEntry:
 00000092  A1 00000000 R	     mov eax, textColor
 00000097  E8 00000000 E	     call setTextColor
 0000009C  E8 00000000 E	     call clrscr
 000000A1  E8 000000D2		     call drawPrint
 000000A6  0F B6 0D			movzx ecx,counter
	   000000BB R
 000000AD  BE 00000104 R		mov esi, OFFSET theRecords

 000000B2			PrintData:
 000000B2  0F B6 05		     movzx eax, printCount
	   000000BA R
 000000B9  E8 00000000 E	     call writeDec
 000000BE  0F B6 05		     movzx eax, space
	   00000088 R
 000000C5  E8 00000000 E	     call writeChar
 000000CA  E8 00000000 E	     call writeChar
 000000CF  E8 0000007A		     call printFirst

 000000D4  B2 12		     mov dl, 3 + SIZEOF firstBuf
 000000D6  8A 35 00000103 R	     mov dh, printLine
 000000DC  E8 00000000 E	     call gotoxy
 000000E1  E8 0000007D		     call printLast

 000000E6  B2 21		     mov dl, 3 + SIZEOF firstBuf + SIZEOF lastBuf
 000000E8  8A 35 00000103 R	     mov dh, printLine
 000000EE  E8 00000000 E	     call gotoxy
 000000F3  E8 00000041		     call printPhone
					
 000000F8  B2 2F		     mov dl, 3 + SIZEOF firstBuf + SIZEOF lastBuf + SIZEOF phoneBuf
 000000FA  8A 35 00000103 R	     mov dh, printLine
 00000100  E8 00000000 E	     call gotoxy
 00000105  E8 0000001A		     call printEmail
					
 0000010A  FE 05 000000BA R	     inc printCount
 00000110  E8 00000000 E	     call crlf

 00000115  FE 05 00000103 R	     inc printLine
 0000011B  E2 95		loop PrintData
				exit
 0000011D  6A 00	   *	    push   +000000000h
 0000011F  E8 00000000 E   *	    call   ExitProcess

 00000124			main ENDP
 00000124			printEmail PROC
 00000124  8B D6		     mov edx,esi
 00000126  E8 00000000 E		call WriteString	          ;;email print
 0000012B  BA 00000088 R	     mov edx, OFFSET Space
 00000130  E8 00000000 E	     call WriteString
 00000135  83 C6 1A			add esi, SIZEOF emailBuf+1
 00000138  C3			RET
 00000139			PrintEmail ENDP
 00000139			printPhone PROC
 00000139  8B D6		     mov edx, esi
 0000013B  E8 00000000 E	     call WriteString	          ;;phone number print
 00000140  BA 00000088 R	     mov edx, OFFSET Space
 00000145  E8 00000000 E	     call WriteString
 0000014A  83 C6 0F			add esi, SIZEOF phoneBuf+1

 0000014D  C3			RET
 0000014E			printPhone ENDP
 0000014E			printFirst PROC
 0000014E  8B D6		     mov edx, esi	               ;;First name print
 00000150  E8 00000000 E		call WriteString    
 00000155  BA 00000088 R	     mov edx, OFFSET Space
 0000015A  E8 00000000 E	     call WriteString
 0000015F  83 C6 10			add esi, SIZEOF firstBuf+1
 00000162  C3			RET
 00000163			printFirst ENDP

 00000163			printLast PROC
 00000163  8B D6		     mov edx,esi
 00000165  E8 00000000 E		call WriteString	          ;;Last name Print
 0000016A  BA 00000088 R	     mov edx, OFFSET Space
 0000016F  E8 00000000 E	     call WriteString
 00000174  83 C6 10			add esi, SIZEOF lastBuf+1
 00000177  C3			RET
 00000178			printLast ENDP

 00000178			drawPrint PROC
 00000178  B2 0E		     mov dl, (80 - SIZEOF headerStr)/2
 0000017A  B6 01		     mov dh, 1
 0000017C  E8 00000000 E	     call gotoxy

 00000181  BA 00000008 R	     mov edx, OFFSET headerStr
 00000186  E8 00000000 E	     call WriteString

 0000018B  B2 03		     mov dl, 3
 0000018D  B6 04		     mov dh,4
 0000018F  E8 00000000 E	     call gotoxy
				     
 00000194  BA 0000008A R		mov edx, OFFSET firstP
 00000199  E8 00000000 E		call WriteString
					
 0000019E  B2 12			mov dl, 3 + SIZEOF firstBuf
 000001A0  B6 04			mov dh, 4
 000001A2  E8 00000000 E		call gotoxy
					
 000001A7  BA 00000095 R		mov edx, OFFSET lastP
 000001AC  E8 00000000 E		call WriteString

 000001B1  B2 21			mov dl, (3 + SIZEOF firstBuf + SIZEOF lastBuf)
 000001B3  B6 04			mov dh, 4
 000001B5  E8 00000000 E		call gotoxy
 000001BA  BA 0000009F R		mov edx, OFFSET phoneP
 000001BF  E8 00000000 E		call WriteString

 000001C4  B2 2F			mov dl, (3+ SIZEOF firstBuf + SIZEOF lastBuf + SIZEOF phoneBuf)
 000001C6  B6 04			mov dh, 4
 000001C8  E8 00000000 E		call gotoxy
 000001CD  BA 000000AC R		mov edx, OFFSET emailP
 000001D2  E8 00000000 E		call WriteString

 000001D7  E8 00000000 E	     call crlf
				     
 000001DC  C3			  RET
 000001DD			drawPrint ENDP

 000001DD			drawFields PROC

 000001DD  A1 00000000 R	     mov eax, textColor
 000001E2  E8 00000000 E	     call setTextColor

 000001E7  B2 0E		     mov dl, (80 - SIZEOF headerStr)/2
 000001E9  B6 01		     mov dh, 1
 000001EB  E8 00000000 E	     call gotoxy

 000001F0  BA 00000008 R	     mov edx, OFFSET headerStr
 000001F5  E8 00000000 E	     call WriteString
 000001FA  B2 1A		     mov dl, (80 - SIZEOF firstStr - SIZEOF fifteenSpaces)/2
 000001FC  B6 04		     mov dh,4
 000001FE  E8 00000000 E	     call gotoxy

 00000203  BA 0000003B R	     mov edx, OFFSET firstStr
 00000208  E8 00000000 E	     call WriteString						;;Print first name string.

 0000020D  A1 00000004 R	     mov eax, blankColor
 00000212  E8 00000000 E	     call SetTextColor

 00000217  BA 000000BC R	     mov edx, OFFSET fifteenSpaces
 0000021C  E8 00000000 E	     call WriteString

 00000221  B2 1B		     mov dl, (80 - SIZEOF lastStr - SIZEOF fifteenSpaces+1)/2
 00000223  B6 06		     mov dh, 6
 00000225  E8 00000000 E	     call gotoxy

 0000022A  A1 00000000 R	     mov eax, textColor
 0000022F  E8 00000000 E	     call setTextColor

 00000234  BA 00000047 R	     mov edx, OFFSET lastStr					;;Print last name string.
 00000239  E8 00000000 E	     call WriteString

 0000023E  A1 00000004 R	     mov eax, blankColor
 00000243  E8 00000000 E	     call setTextColor

 00000248  BA 000000BC R	     mov edx, OFFSET fifteenSpaces
 0000024D  E8 00000000 E	     call WriteString

 00000252  B2 1F		     mov dl, ((80 - SIZEOF phoneStr - SIZEOF fifteenSpaces)/2) + 3
 00000254  B6 08		     mov dh, 8
 00000256  E8 00000000 E	     call gotoxy

 0000025B  A1 00000000 R	     mov eax, textColor
 00000260  E8 00000000 E	     call setTextColor

 00000265  BA 00000052 R	     mov edx, OFFSET phoneStr
 0000026A  E8 00000000 E	     call WriteString						;;Print phone string.

 0000026F  A1 00000004 R	      mov eax, blankColor
 00000274  E8 00000000 E	     call setTextColor

 00000279  BA 000000CC R	     mov edx, OFFSET fourteenSpaces
 0000027E  E8 00000000 E	     call WriteString


 00000283  B2 1F		     mov dl, ((80 - SIZEOF emailStr - SIZEOF TwentyFiveSpaces)/2) + 8
 00000285  B6 0A		     mov dh, 10
 00000287  E8 00000000 E	     call gotoxy

 0000028C  A1 00000000 R	     mov eax, textColor
 00000291  E8 00000000 E	     call setTextColor

 00000296  BA 00000059 R	     mov edx, OFFSET emailStr
 0000029B  E8 00000000 E	     call WriteString						;;Print email string.

 000002A0  A1 00000004 R	      mov eax, blankColor
 000002A5  E8 00000000 E	     call setTextColor

 000002AA  BA 000000DB R	     mov edx, OFFSET TwentyFiveSpaces
 000002AF  E8 00000000 E	     call WriteString
				     
 000002B4  83 F9 0A		     cmp ecx,10
 000002B7  7D 13		     jge FIRSTENTRY
				     
 000002B9  B2 1F		     mov dl, ((80 - SIZEOF emailStr - SIZEOF TwentyFiveSpaces)/2) + 8
 000002BB  B6 0D		     mov dh, 13
 000002BD  E8 00000000 E	     call gotoxy
 000002C2  BA 0000006D R	     mov edx, OFFSET pressEnt
 000002C7  E8 00000000 E	     call WriteString

 000002CC			FIRSTENTRY:
 000002CC  B2 40		     mov dl, (80 - 16)						;; X-coordinate of the record counter.
 000002CE  B6 18		     mov dh, 24							;; Y-coordinate of the record counter.
 000002D0  E8 00000000 E	     call gotoxy						;; mov cursor to above coordinates.

 000002D5  A1 00000000 R	     mov eax, textColor
 000002DA  E8 00000000 E	     call setTextColor

 000002DF  BA 000000F5 R	     mov edx, OFFSET recordCounter
 000002E4  E8 00000000 E	     call WriteString

 000002E9  A1 00000004 R	     mov eax, blankColor
 000002EE  E8 00000000 E	     call setTextColor

 000002F3  0F B6 05		     movzx eax, counter
	   000000BB R
 000002FA  E8 00000000 E	     call WriteDec

				 
				     
 000002FF  C3			  RET
 00000300			drawFields ENDP
				END main
Microsoft (R) Macro Assembler Version 12.00.30501.0	    11/14/16 14:07:52
Forms.asm						     Symbols 2 - 1




Structures and Unions:

                N a m e                  Size
                                         Offset      Type

CONSOLE_CURSOR_INFO  . . . . . .	 00000008
  dwSize . . . . . . . . . . . .	 00000000	 DWord
  bVisible . . . . . . . . . . .	 00000004	 DWord
CONSOLE_SCREEN_BUFFER_INFO . . .	 00000016
  dwSize . . . . . . . . . . . .	 00000000	 DWord
  dwCursorPosition . . . . . . .	 00000004	 DWord
  wAttributes  . . . . . . . . .	 00000008	 Word
  srWindow . . . . . . . . . . .	 0000000A	 QWord
  dwMaximumWindowSize  . . . . .	 00000012	 DWord
COORD  . . . . . . . . . . . . .	 00000004
  X  . . . . . . . . . . . . . .	 00000000	 Word
  Y  . . . . . . . . . . . . . .	 00000002	 Word
FILETIME . . . . . . . . . . . .	 00000008
  loDateTime . . . . . . . . . .	 00000000	 DWord
  hiDateTime . . . . . . . . . .	 00000004	 DWord
FOCUS_EVENT_RECORD . . . . . . .	 00000004
  bSetFocus  . . . . . . . . . .	 00000000	 DWord
FPU_ENVIRON  . . . . . . . . . .	 0000001C
  controlWord  . . . . . . . . .	 00000000	 Word
  statusWord . . . . . . . . . .	 00000004	 Word
  tagWord  . . . . . . . . . . .	 00000008	 Word
  instrPointerOffset . . . . . .	 0000000C	 DWord
  instrPointerSelector . . . . .	 00000010	 DWord
  operandPointerOffset . . . . .	 00000014	 DWord
  operandPointerSelector . . . .	 00000018	 Word
INPUT_RECORD . . . . . . . . . .	 00000014
  EventType  . . . . . . . . . .	 00000000	 Word
  Event  . . . . . . . . . . . .	 00000004	 XmmWord
  bKeyDown . . . . . . . . . . .	 00000000	 DWord
  wRepeatCount . . . . . . . . .	 00000004	 Word
  wVirtualKeyCode  . . . . . . .	 00000006	 Word
  wVirtualScanCode . . . . . . .	 00000008	 Word
  uChar  . . . . . . . . . . . .	 0000000A	 Word
  UnicodeChar  . . . . . . . . .	 00000000	 Word
  AsciiChar  . . . . . . . . . .	 00000000	 Byte
  dwControlKeyState  . . . . . .	 0000000C	 DWord
  dwMousePosition  . . . . . . .	 00000000	 DWord
  dwButtonState  . . . . . . . .	 00000004	 DWord
  dwMouseControlKeyState . . . .	 00000008	 DWord
  dwEventFlags . . . . . . . . .	 0000000C	 DWord
  dwSize . . . . . . . . . . . .	 00000000	 DWord
  dwCommandId  . . . . . . . . .	 00000000	 DWord
  bSetFocus  . . . . . . . . . .	 00000000	 DWord
KEY_EVENT_RECORD . . . . . . . .	 00000010
  bKeyDown . . . . . . . . . . .	 00000000	 DWord
  wRepeatCount . . . . . . . . .	 00000004	 Word
  wVirtualKeyCode  . . . . . . .	 00000006	 Word
  wVirtualScanCode . . . . . . .	 00000008	 Word
  uChar  . . . . . . . . . . . .	 0000000A	 Word
  UnicodeChar  . . . . . . . . .	 00000000	 Word
  AsciiChar  . . . . . . . . . .	 00000000	 Byte
  dwControlKeyState  . . . . . .	 0000000C	 DWord
MENU_EVENT_RECORD  . . . . . . .	 00000004
  dwCommandId  . . . . . . . . .	 00000000	 DWord
MOUSE_EVENT_RECORD . . . . . . .	 00000010
  dwMousePosition  . . . . . . .	 00000000	 DWord
  dwButtonState  . . . . . . . .	 00000004	 DWord
  dwMouseControlKeyState . . . .	 00000008	 DWord
  dwEventFlags . . . . . . . . .	 0000000C	 DWord
SMALL_RECT . . . . . . . . . . .	 00000008
  Left . . . . . . . . . . . . .	 00000000	 Word
  Top  . . . . . . . . . . . . .	 00000002	 Word
  Right  . . . . . . . . . . . .	 00000004	 Word
  Bottom . . . . . . . . . . . .	 00000006	 Word
SYSTEMTIME . . . . . . . . . . .	 00000010
  wYear  . . . . . . . . . . . .	 00000000	 Word
  wMonth . . . . . . . . . . . .	 00000002	 Word
  wDayOfWeek . . . . . . . . . .	 00000004	 Word
  wDay . . . . . . . . . . . . .	 00000006	 Word
  wHour  . . . . . . . . . . . .	 00000008	 Word
  wMinute  . . . . . . . . . . .	 0000000A	 Word
  wSecond  . . . . . . . . . . .	 0000000C	 Word
  wMilliseconds  . . . . . . . .	 0000000E	 Word
WINDOW_BUFFER_SIZE_RECORD  . . .	 00000004
  dwSize . . . . . . . . . . . .	 00000000	 DWord


Segments and Groups:

                N a m e                 Size     Length   Align   Combine Class

FLAT . . . . . . . . . . . . . .	GROUP
STACK  . . . . . . . . . . . . .	32 Bit	 00001000 Para	  Stack	  'STACK'	 
_DATA  . . . . . . . . . . . . .	32 Bit	 00000424 Para	  Public  'DATA'	
_TEXT  . . . . . . . . . . . . .	32 Bit	 00000300 Para	  Public  'CODE'	


Procedures, parameters, and locals:

                N a m e                 Type     Value    Attr

CloseFile  . . . . . . . . . . .	P Near	 00000000 FLAT	Length= 00000000 External STDCALL
CloseHandle  . . . . . . . . . .	P Near	 00000000 FLAT	Length= 00000000 External STDCALL
Clrscr . . . . . . . . . . . . .	P Near	 00000000 FLAT	Length= 00000000 External STDCALL
CreateFileA  . . . . . . . . . .	P Near	 00000000 FLAT	Length= 00000000 External STDCALL
CreateOutputFile . . . . . . . .	P Near	 00000000 FLAT	Length= 00000000 External STDCALL
Crlf . . . . . . . . . . . . . .	P Near	 00000000 FLAT	Length= 00000000 External STDCALL
Delay  . . . . . . . . . . . . .	P Near	 00000000 FLAT	Length= 00000000 External STDCALL
DumpMem  . . . . . . . . . . . .	P Near	 00000000 FLAT	Length= 00000000 External STDCALL
DumpRegs . . . . . . . . . . . .	P Near	 00000000 FLAT	Length= 00000000 External STDCALL
ExitProcess  . . . . . . . . . .	P Near	 00000000 FLAT	Length= 00000000 External STDCALL
FileTimeToDosDateTime  . . . . .	P Near	 00000000 FLAT	Length= 00000000 External STDCALL
FileTimeToSystemTime . . . . . .	P Near	 00000000 FLAT	Length= 00000000 External STDCALL
FlushConsoleInputBuffer  . . . .	P Near	 00000000 FLAT	Length= 00000000 External STDCALL
FormatMessageA . . . . . . . . .	P Near	 00000000 FLAT	Length= 00000000 External STDCALL
GetCommandLineA  . . . . . . . .	P Near	 00000000 FLAT	Length= 00000000 External STDCALL
GetCommandTail . . . . . . . . .	P Near	 00000000 FLAT	Length= 00000000 External STDCALL
GetConsoleCP . . . . . . . . . .	P Near	 00000000 FLAT	Length= 00000000 External STDCALL
GetConsoleCursorInfo . . . . . .	P Near	 00000000 FLAT	Length= 00000000 External STDCALL
GetConsoleMode . . . . . . . . .	P Near	 00000000 FLAT	Length= 00000000 External STDCALL
GetConsoleScreenBufferInfo . . .	P Near	 00000000 FLAT	Length= 00000000 External STDCALL
GetDateTime  . . . . . . . . . .	P Near	 00000000 FLAT	Length= 00000000 External STDCALL
GetFileTime  . . . . . . . . . .	P Near	 00000000 FLAT	Length= 00000000 External STDCALL
GetKeyState  . . . . . . . . . .	P Near	 00000000 FLAT	Length= 00000000 External STDCALL
GetLastError . . . . . . . . . .	P Near	 00000000 FLAT	Length= 00000000 External STDCALL
GetLocalTime . . . . . . . . . .	P Near	 00000000 FLAT	Length= 00000000 External STDCALL
GetMaxXY . . . . . . . . . . . .	P Near	 00000000 FLAT	Length= 00000000 External STDCALL
GetMseconds  . . . . . . . . . .	P Near	 00000000 FLAT	Length= 00000000 External STDCALL
GetNumberOfConsoleInputEvents  .	P Near	 00000000 FLAT	Length= 00000000 External STDCALL
GetProcessHeap . . . . . . . . .	P Near	 00000000 FLAT	Length= 00000000 External STDCALL
GetStdHandle . . . . . . . . . .	P Near	 00000000 FLAT	Length= 00000000 External STDCALL
GetSystemTime  . . . . . . . . .	P Near	 00000000 FLAT	Length= 00000000 External STDCALL
GetTextColor . . . . . . . . . .	P Near	 00000000 FLAT	Length= 00000000 External STDCALL
GetTickCount . . . . . . . . . .	P Near	 00000000 FLAT	Length= 00000000 External STDCALL
Gotoxy . . . . . . . . . . . . .	P Near	 00000000 FLAT	Length= 00000000 External STDCALL
HeapAlloc  . . . . . . . . . . .	P Near	 00000000 FLAT	Length= 00000000 External STDCALL
HeapCreate . . . . . . . . . . .	P Near	 00000000 FLAT	Length= 00000000 External STDCALL
HeapDestroy  . . . . . . . . . .	P Near	 00000000 FLAT	Length= 00000000 External STDCALL
HeapFree . . . . . . . . . . . .	P Near	 00000000 FLAT	Length= 00000000 External STDCALL
HeapSize . . . . . . . . . . . .	P Near	 00000000 FLAT	Length= 00000000 External STDCALL
IsDigit  . . . . . . . . . . . .	P Near	 00000000 FLAT	Length= 00000000 External STDCALL
LocalFree  . . . . . . . . . . .	P Near	 00000000 FLAT	Length= 00000000 External STDCALL
MessageBoxA  . . . . . . . . . .	P Near	 00000000 FLAT	Length= 00000000 External STDCALL
MsgBoxAsk  . . . . . . . . . . .	P Near	 00000000 FLAT	Length= 00000000 External STDCALL
MsgBox . . . . . . . . . . . . .	P Near	 00000000 FLAT	Length= 00000000 External STDCALL
OpenInputFile  . . . . . . . . .	P Near	 00000000 FLAT	Length= 00000000 External STDCALL
ParseDecimal32 . . . . . . . . .	P Near	 00000000 FLAT	Length= 00000000 External STDCALL
ParseInteger32 . . . . . . . . .	P Near	 00000000 FLAT	Length= 00000000 External STDCALL
PeekConsoleInputA  . . . . . . .	P Near	 00000000 FLAT	Length= 00000000 External STDCALL
Random32 . . . . . . . . . . . .	P Near	 00000000 FLAT	Length= 00000000 External STDCALL
RandomRange  . . . . . . . . . .	P Near	 00000000 FLAT	Length= 00000000 External STDCALL
Randomize  . . . . . . . . . . .	P Near	 00000000 FLAT	Length= 00000000 External STDCALL
ReadChar . . . . . . . . . . . .	P Near	 00000000 FLAT	Length= 00000000 External STDCALL
ReadConsoleA . . . . . . . . . .	P Near	 00000000 FLAT	Length= 00000000 External STDCALL
ReadConsoleInputA  . . . . . . .	P Near	 00000000 FLAT	Length= 00000000 External STDCALL
ReadDec  . . . . . . . . . . . .	P Near	 00000000 FLAT	Length= 00000000 External STDCALL
ReadFile . . . . . . . . . . . .	P Near	 00000000 FLAT	Length= 00000000 External STDCALL
ReadFloat  . . . . . . . . . . .	P Near	 00000000 FLAT	Length= 00000000 External STDCALL
ReadFromFile . . . . . . . . . .	P Near	 00000000 FLAT	Length= 00000000 External STDCALL
ReadHex  . . . . . . . . . . . .	P Near	 00000000 FLAT	Length= 00000000 External STDCALL
ReadInt  . . . . . . . . . . . .	P Near	 00000000 FLAT	Length= 00000000 External STDCALL
ReadKeyFlush . . . . . . . . . .	P Near	 00000000 FLAT	Length= 00000000 External STDCALL
ReadKey  . . . . . . . . . . . .	P Near	 00000000 FLAT	Length= 00000000 External STDCALL
ReadString . . . . . . . . . . .	P Near	 00000000 FLAT	Length= 00000000 External STDCALL
SetConsoleCursorInfo . . . . . .	P Near	 00000000 FLAT	Length= 00000000 External STDCALL
SetConsoleCursorPosition . . . .	P Near	 00000000 FLAT	Length= 00000000 External STDCALL
SetConsoleMode . . . . . . . . .	P Near	 00000000 FLAT	Length= 00000000 External STDCALL
SetConsoleScreenBufferSize . . .	P Near	 00000000 FLAT	Length= 00000000 External STDCALL
SetConsoleTextAttribute  . . . .	P Near	 00000000 FLAT	Length= 00000000 External STDCALL
SetConsoleTitleA . . . . . . . .	P Near	 00000000 FLAT	Length= 00000000 External STDCALL
SetConsoleWindowInfo . . . . . .	P Near	 00000000 FLAT	Length= 00000000 External STDCALL
SetFilePointer . . . . . . . . .	P Near	 00000000 FLAT	Length= 00000000 External STDCALL
SetLocalTime . . . . . . . . . .	P Near	 00000000 FLAT	Length= 00000000 External STDCALL
SetTextColor . . . . . . . . . .	P Near	 00000000 FLAT	Length= 00000000 External STDCALL
ShowFPUStack . . . . . . . . . .	P Near	 00000000 FLAT	Length= 00000000 External STDCALL
Sleep  . . . . . . . . . . . . .	P Near	 00000000 FLAT	Length= 00000000 External STDCALL
StrLength  . . . . . . . . . . .	P Near	 00000000 FLAT	Length= 00000000 External STDCALL
Str_compare  . . . . . . . . . .	P Near	 00000000 FLAT	Length= 00000000 External STDCALL
Str_copy . . . . . . . . . . . .	P Near	 00000000 FLAT	Length= 00000000 External STDCALL
Str_length . . . . . . . . . . .	P Near	 00000000 FLAT	Length= 00000000 External STDCALL
Str_trim . . . . . . . . . . . .	P Near	 00000000 FLAT	Length= 00000000 External STDCALL
Str_ucase  . . . . . . . . . . .	P Near	 00000000 FLAT	Length= 00000000 External STDCALL
SystemTimeToFileTime . . . . . .	P Near	 00000000 FLAT	Length= 00000000 External STDCALL
WaitMsg  . . . . . . . . . . . .	P Near	 00000000 FLAT	Length= 00000000 External STDCALL
WriteBinB  . . . . . . . . . . .	P Near	 00000000 FLAT	Length= 00000000 External STDCALL
WriteBin . . . . . . . . . . . .	P Near	 00000000 FLAT	Length= 00000000 External STDCALL
WriteChar  . . . . . . . . . . .	P Near	 00000000 FLAT	Length= 00000000 External STDCALL
WriteConsoleA  . . . . . . . . .	P Near	 00000000 FLAT	Length= 00000000 External STDCALL
WriteConsoleOutputAttribute  . .	P Near	 00000000 FLAT	Length= 00000000 External STDCALL
WriteConsoleOutputCharacterA . .	P Near	 00000000 FLAT	Length= 00000000 External STDCALL
WriteDec . . . . . . . . . . . .	P Near	 00000000 FLAT	Length= 00000000 External STDCALL
WriteFile  . . . . . . . . . . .	P Near	 00000000 FLAT	Length= 00000000 External STDCALL
WriteFloat . . . . . . . . . . .	P Near	 00000000 FLAT	Length= 00000000 External STDCALL
WriteHexB  . . . . . . . . . . .	P Near	 00000000 FLAT	Length= 00000000 External STDCALL
WriteHex . . . . . . . . . . . .	P Near	 00000000 FLAT	Length= 00000000 External STDCALL
WriteInt . . . . . . . . . . . .	P Near	 00000000 FLAT	Length= 00000000 External STDCALL
WriteStackFrameName  . . . . . .	P Near	 00000000 FLAT	Length= 00000000 External STDCALL
WriteStackFrame  . . . . . . . .	P Near	 00000000 FLAT	Length= 00000000 External STDCALL
WriteString  . . . . . . . . . .	P Near	 00000000 FLAT	Length= 00000000 External STDCALL
WriteToFile  . . . . . . . . . .	P Near	 00000000 FLAT	Length= 00000000 External STDCALL
WriteWindowsMsg  . . . . . . . .	P Near	 00000000 FLAT	Length= 00000000 External STDCALL
drawFields . . . . . . . . . . .	P Near	 000001DD _TEXT	Length= 00000123 Public STDCALL
  FIRSTENTRY . . . . . . . . . .	L Near	 000002CC _TEXT	
drawPrint  . . . . . . . . . . .	P Near	 00000178 _TEXT	Length= 00000065 Public STDCALL
main . . . . . . . . . . . . . .	P Near	 00000000 _TEXT	Length= 00000124 Public STDCALL
  RDATA  . . . . . . . . . . . .	L Near	 00000019 _TEXT	
  FinishedDataEntry  . . . . . .	L Near	 00000092 _TEXT	
  PrintData  . . . . . . . . . .	L Near	 000000B2 _TEXT	
printEmail . . . . . . . . . . .	P Near	 00000124 _TEXT	Length= 00000015 Public STDCALL
printFirst . . . . . . . . . . .	P Near	 0000014E _TEXT	Length= 00000015 Public STDCALL
printLast  . . . . . . . . . . .	P Near	 00000163 _TEXT	Length= 00000015 Public STDCALL
printPhone . . . . . . . . . . .	P Near	 00000139 _TEXT	Length= 00000015 Public STDCALL
printf . . . . . . . . . . . . .	P Near	 00000000 FLAT	Length= 00000000 External C
scanf  . . . . . . . . . . . . .	P Near	 00000000 FLAT	Length= 00000000 External C
wsprintfA  . . . . . . . . . . .	P Near	 00000000 FLAT	Length= 00000000 External C


Symbols:

                N a m e                 Type     Value    Attr

@CodeSize  . . . . . . . . . . .	Number	 00000000h   
@DataSize  . . . . . . . . . . .	Number	 00000000h   
@Interface . . . . . . . . . . .	Number	 00000003h   
@Model . . . . . . . . . . . . .	Number	 00000007h   
@code  . . . . . . . . . . . . .	Text   	 _TEXT
@data  . . . . . . . . . . . . .	Text   	 FLAT
@fardata?  . . . . . . . . . . .	Text   	 FLAT
@fardata . . . . . . . . . . . .	Text   	 FLAT
@stack . . . . . . . . . . . . .	Text   	 FLAT
ALT_MASK . . . . . . . . . . . .	Number	 00000003h   
CAPSLOCK_ON  . . . . . . . . . .	Number	 00000080h   
CREATE_ALWAYS  . . . . . . . . .	Number	 00000002h   
CREATE_NEW . . . . . . . . . . .	Number	 00000001h   
CTRL_MASK  . . . . . . . . . . .	Number	 0000000Ch   
CreateFile . . . . . . . . . . .	Text   	 CreateFileA
DO_NOT_SHARE . . . . . . . . . .	Number	 00000000h   
ENABLE_ECHO_INPUT  . . . . . . .	Number	 00000004h   
ENABLE_LINE_INPUT  . . . . . . .	Number	 00000002h   
ENABLE_MOUSE_INPUT . . . . . . .	Number	 00000010h   
ENABLE_PROCESSED_INPUT . . . . .	Number	 00000001h   
ENABLE_PROCESSED_OUTPUT  . . . .	Number	 00000001h   
ENABLE_WINDOW_INPUT  . . . . . .	Number	 00000008h   
ENABLE_WRAP_AT_EOL_OUTPUT  . . .	Number	 00000002h   
ENHANCED_KEY . . . . . . . . . .	Number	 00000100h   
FALSE  . . . . . . . . . . . . .	Number	 00000000h   
FILE_APPEND_DATA . . . . . . . .	Number	 00000004h   
FILE_ATTRIBUTE_ARCHIVE . . . . .	Number	 00000020h   
FILE_ATTRIBUTE_COMPRESSED  . . .	Number	 00000800h   
FILE_ATTRIBUTE_DEVICE  . . . . .	Number	 00000040h   
FILE_ATTRIBUTE_DIRECTORY . . . .	Number	 00000010h   
FILE_ATTRIBUTE_ENCRYPTED . . . .	Number	 00004000h   
FILE_ATTRIBUTE_HIDDEN  . . . . .	Number	 00000002h   
FILE_ATTRIBUTE_NORMAL  . . . . .	Number	 00000080h   
FILE_ATTRIBUTE_NOT_CONTENT_INDEXED .	Number	 00002000h   
FILE_ATTRIBUTE_OFFLINE . . . . .	Number	 00001000h   
FILE_ATTRIBUTE_READONLY  . . . .	Number	 00000001h   
FILE_ATTRIBUTE_REPARSE_POINT . .	Number	 00000400h   
FILE_ATTRIBUTE_SPARSE_FILE . . .	Number	 00000200h   
FILE_ATTRIBUTE_SYSTEM  . . . . .	Number	 00000004h   
FILE_ATTRIBUTE_TEMPORARY . . . .	Number	 00000100h   
FILE_BEGIN . . . . . . . . . . .	Number	 00000000h   
FILE_CURRENT . . . . . . . . . .	Number	 00000001h   
FILE_DELETE_CHILD  . . . . . . .	Number	 00000040h   
FILE_END . . . . . . . . . . . .	Number	 00000002h   
FILE_READ_DATA . . . . . . . . .	Number	 00000001h   
FILE_SHARE_DELETE  . . . . . . .	Number	 00000004h   
FILE_SHARE_READ  . . . . . . . .	Number	 00000001h   
FILE_SHARE_WRITE . . . . . . . .	Number	 00000002h   
FILE_WRITE_DATA  . . . . . . . .	Number	 00000002h   
FOCUS_EVENT  . . . . . . . . . .	Number	 00000010h   
FORMAT_MESSAGE_ALLOCATE_BUFFER .	Number	 00000100h   
FORMAT_MESSAGE_FROM_SYSTEM . . .	Number	 00001000h   
FormatMessage  . . . . . . . . .	Text   	 FormatMessageA
GENERIC_ALL  . . . . . . . . . .	Number	 10000000h   
GENERIC_EXECUTE  . . . . . . . .	Number	 20000000h   
GENERIC_READ . . . . . . . . . .	Number	 -80000000h   
GENERIC_WRITE  . . . . . . . . .	Number	 40000000h   
GetCommandLine . . . . . . . . .	Text   	 GetCommandLineA
HANDLE . . . . . . . . . . . . .	Text   	 DWORD
HEAP_GENERATE_EXCEPTIONS . . . .	Number	 00000004h   
HEAP_GROWABLE  . . . . . . . . .	Number	 00000002h   
HEAP_NO_SERIALIZE  . . . . . . .	Number	 00000001h   
HEAP_REALLOC_IN_PLACE_ONLY . . .	Number	 00000010h   
HEAP_ZERO_MEMORY . . . . . . . .	Number	 00000008h   
IDABORT  . . . . . . . . . . . .	Number	 00000003h   
IDCANCEL . . . . . . . . . . . .	Number	 00000002h   
IDCLOSE  . . . . . . . . . . . .	Number	 00000008h   
IDCONTINUE . . . . . . . . . . .	Number	 0000000Bh   
IDHELP . . . . . . . . . . . . .	Number	 00000009h   
IDIGNORE . . . . . . . . . . . .	Number	 00000005h   
IDNO . . . . . . . . . . . . . .	Number	 00000007h   
IDOK . . . . . . . . . . . . . .	Number	 00000001h   
IDRETRY  . . . . . . . . . . . .	Number	 00000004h   
IDTIMEOUT  . . . . . . . . . . .	Number	 00007D00h   
IDTRYAGAIN . . . . . . . . . . .	Number	 0000000Ah   
IDYES  . . . . . . . . . . . . .	Number	 00000006h   
INVALID_HANDLE_VALUE . . . . . .	Number	 -00000001h   
KBDOWN_FLAG  . . . . . . . . . .	Number	 00000001h   
KEY_EVENT  . . . . . . . . . . .	Number	 00000001h   
KEY_MASKS  . . . . . . . . . . .	Number	 0000001Fh   
LEFT_ALT_PRESSED . . . . . . . .	Number	 00000002h   
LEFT_CTRL_PRESSED  . . . . . . .	Number	 00000008h   
MB_ABORTRETRYIGNORE  . . . . . .	Number	 00000002h   
MB_APPLMODAL . . . . . . . . . .	Number	 00000000h   
MB_CANCELTRYCONTINUE . . . . . .	Number	 00000006h   
MB_DEFBUTTON1  . . . . . . . . .	Number	 00000000h   
MB_DEFBUTTON2  . . . . . . . . .	Number	 00000100h   
MB_DEFBUTTON3  . . . . . . . . .	Number	 00000200h   
MB_DEFBUTTON4  . . . . . . . . .	Number	 00000300h   
MB_HELP  . . . . . . . . . . . .	Number	 00004000h   
MB_ICONASTERISK  . . . . . . . .	Number	 00000040h   
MB_ICONERROR . . . . . . . . . .	Number	 00000010h   
MB_ICONEXCLAMATION . . . . . . .	Number	 00000030h   
MB_ICONHAND  . . . . . . . . . .	Number	 00000010h   
MB_ICONINFORMATION . . . . . . .	Number	 00000040h   
MB_ICONQUESTION  . . . . . . . .	Number	 00000020h   
MB_ICONSTOP  . . . . . . . . . .	Number	 00000010h   
MB_ICONWARNING . . . . . . . . .	Number	 00000030h   
MB_OKCANCEL  . . . . . . . . . .	Number	 00000001h   
MB_OK  . . . . . . . . . . . . .	Number	 00000000h   
MB_RETRYCANCEL . . . . . . . . .	Number	 00000005h   
MB_SYSTEMMODAL . . . . . . . . .	Number	 00001000h   
MB_TASKMODAL . . . . . . . . . .	Number	 00002000h   
MB_USERICON  . . . . . . . . . .	Number	 00000080h   
MB_YESNOCANCEL . . . . . . . . .	Number	 00000003h   
MB_YESNO . . . . . . . . . . . .	Number	 00000004h   
MENU_EVENT . . . . . . . . . . .	Number	 00000008h   
MOUSE_EVENT  . . . . . . . . . .	Number	 00000002h   
MessageBox . . . . . . . . . . .	Text   	 MessageBoxA
NULL . . . . . . . . . . . . . .	Number	 00000000h   
NUMLOCK_ON . . . . . . . . . . .	Number	 00000020h   
OPEN_ALWAYS  . . . . . . . . . .	Number	 00000004h   
OPEN_EXISTING  . . . . . . . . .	Number	 00000003h   
PeekConsoleInput . . . . . . . .	Text   	 PeekConsoleInputA
PrintCount . . . . . . . . . . .	Byte	 000000BA _DATA	
RIGHT_ALT_PRESSED  . . . . . . .	Number	 00000001h   
RIGHT_CTRL_PRESSED . . . . . . .	Number	 00000004h   
ReadConsoleInput . . . . . . . .	Text   	 ReadConsoleInputA
ReadConsole  . . . . . . . . . .	Text   	 ReadConsoleA
SCROLLLOCK_ON  . . . . . . . . .	Number	 00000040h   
SHIFT_MASK . . . . . . . . . . .	Number	 00000010h   
SHIFT_PRESSED  . . . . . . . . .	Number	 00000010h   
STD_ERROR_HANDLE . . . . . . . .	Number	 -0000000Ch   
STD_INPUT_HANDLE . . . . . . . .	Number	 -0000000Ah   
STD_OUTPUT_HANDLE  . . . . . . .	Number	 -0000000Bh   
SetConsoleTitle  . . . . . . . .	Text   	 SetConsoleTitleA
Space  . . . . . . . . . . . . .	Byte	 00000088 _DATA	
TAB  . . . . . . . . . . . . . .	Number	 00000009h   
TRUE . . . . . . . . . . . . . .	Number	 00000001h   
TRUNCATE_EXISTING  . . . . . . .	Number	 00000005h   
VK_11  . . . . . . . . . . . . .	Number	 000000BDh   
VK_12  . . . . . . . . . . . . .	Number	 000000BBh   
VK_ADD . . . . . . . . . . . . .	Number	 0000006Bh   
VK_BACK  . . . . . . . . . . . .	Number	 00000008h   
VK_CANCEL  . . . . . . . . . . .	Number	 00000003h   
VK_CAPITAL . . . . . . . . . . .	Number	 00000014h   
VK_CLEAR . . . . . . . . . . . .	Number	 0000000Ch   
VK_CONTROL . . . . . . . . . . .	Number	 00000011h   
VK_DECIMAL . . . . . . . . . . .	Number	 0000006Eh   
VK_DELETE  . . . . . . . . . . .	Number	 0000002Eh   
VK_DIVIDE  . . . . . . . . . . .	Number	 0000006Fh   
VK_DOWN  . . . . . . . . . . . .	Number	 00000028h   
VK_END . . . . . . . . . . . . .	Number	 00000023h   
VK_ESCAPE  . . . . . . . . . . .	Number	 0000001Bh   
VK_EXECUTE . . . . . . . . . . .	Number	 0000002Bh   
VK_F10 . . . . . . . . . . . . .	Number	 00000079h   
VK_F11 . . . . . . . . . . . . .	Number	 0000007Ah   
VK_F12 . . . . . . . . . . . . .	Number	 0000007Bh   
VK_F13 . . . . . . . . . . . . .	Number	 0000007Ch   
VK_F14 . . . . . . . . . . . . .	Number	 0000007Dh   
VK_F15 . . . . . . . . . . . . .	Number	 0000007Eh   
VK_F16 . . . . . . . . . . . . .	Number	 0000007Fh   
VK_F17 . . . . . . . . . . . . .	Number	 00000080h   
VK_F18 . . . . . . . . . . . . .	Number	 00000081h   
VK_F19 . . . . . . . . . . . . .	Number	 00000082h   
VK_F1  . . . . . . . . . . . . .	Number	 00000070h   
VK_F20 . . . . . . . . . . . . .	Number	 00000083h   
VK_F21 . . . . . . . . . . . . .	Number	 00000084h   
VK_F22 . . . . . . . . . . . . .	Number	 00000085h   
VK_F23 . . . . . . . . . . . . .	Number	 00000086h   
VK_F24 . . . . . . . . . . . . .	Number	 00000087h   
VK_F2  . . . . . . . . . . . . .	Number	 00000071h   
VK_F3  . . . . . . . . . . . . .	Number	 00000072h   
VK_F4  . . . . . . . . . . . . .	Number	 00000073h   
VK_F5  . . . . . . . . . . . . .	Number	 00000074h   
VK_F6  . . . . . . . . . . . . .	Number	 00000075h   
VK_F7  . . . . . . . . . . . . .	Number	 00000076h   
VK_F8  . . . . . . . . . . . . .	Number	 00000077h   
VK_F9  . . . . . . . . . . . . .	Number	 00000078h   
VK_HELP  . . . . . . . . . . . .	Number	 0000002Fh   
VK_HOME  . . . . . . . . . . . .	Number	 00000024h   
VK_INSERT  . . . . . . . . . . .	Number	 0000002Dh   
VK_LBUTTON . . . . . . . . . . .	Number	 00000001h   
VK_LCONTROL  . . . . . . . . . .	Number	 000000A2h   
VK_LEFT  . . . . . . . . . . . .	Number	 00000025h   
VK_LMENU . . . . . . . . . . . .	Number	 000000A4h   
VK_LSHIFT  . . . . . . . . . . .	Number	 000000A0h   
VK_MENU  . . . . . . . . . . . .	Number	 00000012h   
VK_MULTIPLY  . . . . . . . . . .	Number	 0000006Ah   
VK_NEXT  . . . . . . . . . . . .	Number	 00000022h   
VK_NUMLOCK . . . . . . . . . . .	Number	 00000090h   
VK_NUMPAD0 . . . . . . . . . . .	Number	 00000060h   
VK_NUMPAD1 . . . . . . . . . . .	Number	 00000061h   
VK_NUMPAD2 . . . . . . . . . . .	Number	 00000062h   
VK_NUMPAD3 . . . . . . . . . . .	Number	 00000063h   
VK_NUMPAD4 . . . . . . . . . . .	Number	 00000064h   
VK_NUMPAD5 . . . . . . . . . . .	Number	 00000065h   
VK_NUMPAD6 . . . . . . . . . . .	Number	 00000066h   
VK_NUMPAD7 . . . . . . . . . . .	Number	 00000067h   
VK_NUMPAD8 . . . . . . . . . . .	Number	 00000068h   
VK_NUMPAD9 . . . . . . . . . . .	Number	 00000069h   
VK_PAUSE . . . . . . . . . . . .	Number	 00000013h   
VK_PRINT . . . . . . . . . . . .	Number	 0000002Ah   
VK_PRIOR . . . . . . . . . . . .	Number	 00000021h   
VK_RBUTTON . . . . . . . . . . .	Number	 00000002h   
VK_RCONTROL  . . . . . . . . . .	Number	 000000A3h   
VK_RETURN  . . . . . . . . . . .	Number	 0000000Dh   
VK_RIGHT . . . . . . . . . . . .	Number	 00000027h   
VK_RMENU . . . . . . . . . . . .	Number	 000000A5h   
VK_RSHIFT  . . . . . . . . . . .	Number	 000000A1h   
VK_SCROLL  . . . . . . . . . . .	Number	 00000091h   
VK_SEPARATER . . . . . . . . . .	Number	 0000006Ch   
VK_SHIFT . . . . . . . . . . . .	Number	 00000010h   
VK_SNAPSHOT  . . . . . . . . . .	Number	 0000002Ch   
VK_SPACE . . . . . . . . . . . .	Number	 00000020h   
VK_SUBTRACT  . . . . . . . . . .	Number	 0000006Dh   
VK_TAB . . . . . . . . . . . . .	Number	 00000009h   
VK_UP  . . . . . . . . . . . . .	Number	 00000026h   
WINDOW_BUFFER_SIZE_EVENT . . . .	Number	 00000004h   
WriteConsoleOutputCharacter  . .	Text   	 WriteConsoleOutputCharacterA
WriteConsole . . . . . . . . . .	Text   	 WriteConsoleA
black  . . . . . . . . . . . . .	Number	 00000000h   
blankColor . . . . . . . . . . .	DWord	 00000004 _DATA	
blue . . . . . . . . . . . . . .	Number	 00000001h   
brown  . . . . . . . . . . . . .	Number	 00000006h   
byteCount  . . . . . . . . . . .	Byte	 00000423 _DATA	
counter  . . . . . . . . . . . .	Byte	 000000BB _DATA	
cyan . . . . . . . . . . . . . .	Number	 00000003h   
emailBuf . . . . . . . . . . . .	Byte	 0000040A _DATA	
emailP . . . . . . . . . . . . .	Byte	 000000AC _DATA	
emailStr . . . . . . . . . . . .	Byte	 00000059 _DATA	
exit . . . . . . . . . . . . . .	Text   	 INVOKE ExitProcess,0
fifteenSpaces  . . . . . . . . .	Byte	 000000BC _DATA	
firstBuf . . . . . . . . . . . .	Byte	 000003DE _DATA	
firstP . . . . . . . . . . . . .	Byte	 0000008A _DATA	
firstStr . . . . . . . . . . . .	Byte	 0000003B _DATA	
fourteenSpaces . . . . . . . . .	Byte	 000000CC _DATA	
gray . . . . . . . . . . . . . .	Number	 00000008h   
green  . . . . . . . . . . . . .	Number	 00000002h   
headerStr  . . . . . . . . . . .	Byte	 00000008 _DATA	
lastBuf  . . . . . . . . . . . .	Byte	 000003ED _DATA	
lastP  . . . . . . . . . . . . .	Byte	 00000095 _DATA	
lastStr  . . . . . . . . . . . .	Byte	 00000047 _DATA	
lightBlue  . . . . . . . . . . .	Number	 00000009h   
lightCyan  . . . . . . . . . . .	Number	 0000000Bh   
lightGray  . . . . . . . . . . .	Number	 00000007h   
lightGreen . . . . . . . . . . .	Number	 0000000Ah   
lightMagenta . . . . . . . . . .	Number	 0000000Dh   
lightRed . . . . . . . . . . . .	Number	 0000000Ch   
magenta  . . . . . . . . . . . .	Number	 00000005h   
phoneBuf . . . . . . . . . . . .	Byte	 000003FC _DATA	
phoneP . . . . . . . . . . . . .	Byte	 0000009F _DATA	
phoneStr . . . . . . . . . . . .	Byte	 00000052 _DATA	
pressEnt . . . . . . . . . . . .	Byte	 0000006D _DATA	
printLine  . . . . . . . . . . .	Byte	 00000103 _DATA	
recordCounter  . . . . . . . . .	Byte	 000000F5 _DATA	
recordStr  . . . . . . . . . . .	Byte	 00000060 _DATA	
red  . . . . . . . . . . . . . .	Number	 00000004h   
textColor  . . . . . . . . . . .	DWord	 00000000 _DATA	
theRecords . . . . . . . . . . .	Byte	 00000104 _DATA	
twentyFiveSpaces . . . . . . . .	Byte	 000000DB _DATA	
white  . . . . . . . . . . . . .	Number	 0000000Fh   
wsprintf . . . . . . . . . . . .	Text   	 wsprintfA
yellow . . . . . . . . . . . . .	Number	 0000000Eh   

	   0 Warnings
	   0 Errors
