Microsoft (R) Macro Assembler Version 12.00.30501.0	    10/17/16 12:40:48
IncMulExample.asm					     Page 1 - 1


				.386
				.model flat,stdcall
				.stack 4096
				ExitProcess proto,dwExitCode:dword

 00000000			.data

 00000000 00000006		NUM1 DWORD 6
 00000004 00000005		NUM2 DWORD 5
 00000008 00000000		PROD DWORD ?
 0000000C 00000000		SAVEECX DWORD ?

 00000000			.code
 00000000			main proc
 00000000  2B C0		  SUB EAX,EAX ; ZERO'S OUT THE ACCUMULATOR.
 00000002  8B 0D 00000000 R	  MOV ECX,NUM1
 00000008			     TOP:
 00000008  89 0D 0000000C R	          MOV SAVEECX,ECX
 0000000E  8B 0D 00000004 R	          MOV ECX, NUM2
 00000014			     MIDDLE:
 00000014  40			          INC EAX  
 00000015  E2 FD		          LOOP MIDDLE
 00000017  8B 0D 0000000C R	     MOV ECX, SAVEECX      
 0000001D  E2 E9		     LOOP TOP

 0000001F  A3 00000008 R	     MOV PROD,EAX

					invoke ExitProcess,0
 00000024  6A 00	   *	    push   +000000000h
 00000026  E8 00000000 E   *	    call   ExitProcess
 0000002B			main endp
				end main
Microsoft (R) Macro Assembler Version 12.00.30501.0	    10/17/16 12:40:48
IncMulExample.asm					     Symbols 2 - 1




Segments and Groups:

                N a m e                 Size     Length   Align   Combine Class

FLAT . . . . . . . . . . . . . .	GROUP
STACK  . . . . . . . . . . . . .	32 Bit	 00001000 DWord	  Stack	  'STACK'	 
_DATA  . . . . . . . . . . . . .	32 Bit	 00000010 DWord	  Public  'DATA'	
_TEXT  . . . . . . . . . . . . .	32 Bit	 0000002B DWord	  Public  'CODE'	


Procedures, parameters, and locals:

                N a m e                 Type     Value    Attr

ExitProcess  . . . . . . . . . .	P Near	 00000000 FLAT	Length= 00000000 External STDCALL
main . . . . . . . . . . . . . .	P Near	 00000000 _TEXT	Length= 0000002B Public STDCALL
  TOP  . . . . . . . . . . . . .	L Near	 00000008 _TEXT	
  MIDDLE . . . . . . . . . . . .	L Near	 00000014 _TEXT	


Symbols:

                N a m e                 Type     Value    Attr

@CodeSize  . . . . . . . . . . .	Number	 00000000h   
@DataSize  . . . . . . . . . . .	Number	 00000000h   
@Interface . . . . . . . . . . .	Number	 00000003h   
@Model . . . . . . . . . . . . .	Number	 00000007h   
@code  . . . . . . . . . . . . .	Text   	 _TEXT
@data  . . . . . . . . . . . . .	Text   	 FLAT
@fardata?  . . . . . . . . . . .	Text   	 FLAT
@fardata . . . . . . . . . . . .	Text   	 FLAT
@stack . . . . . . . . . . . . .	Text   	 FLAT
NUM1 . . . . . . . . . . . . . .	DWord	 00000000 _DATA	
NUM2 . . . . . . . . . . . . . .	DWord	 00000004 _DATA	
PROD . . . . . . . . . . . . . .	DWord	 00000008 _DATA	
SAVEECX  . . . . . . . . . . . .	DWord	 0000000C _DATA	

	   0 Warnings
	   0 Errors
