Microsoft (R) Macro Assembler Version 12.00.30501.0	    11/28/16 12:54:26
Structs.asm						     Page 1 - 1


				; SurpriseStruct.asm
				; A demo using structs and our Surprise Program
				; Bob Allen
				; Fall 2016

				INCLUDE Irvine32.inc
			      C ; Include file for Irvine32.lib             (Irvine32.inc)
			      C 
			      C ;OPTION CASEMAP:NONE		; optional: make identifiers case-sensitive
			      C 
			      C INCLUDE SmallWin.inc		; MS-Windows prototypes, structures, and constants
			      C .NOLIST
			      C .LIST
			      C 
			      C INCLUDE VirtualKeys.inc
			      C ; VirtualKeys.inc
			      C .NOLIST
			      C .LIST
			      C 
			      C 
			      C .NOLIST
			      C .LIST
			      C 

 00000003			RCC Struct                    ;;;;Row Col Char
 00000000  00			     Row       BYTE          0
 00000001  00			     Col       BYTE          0
 00000002  58			     Char      BYTE          'X'
				RCC ENDS

 00000002			CharAttrib Struct
 00000000  20				TheChar	  BYTE ' '	; a space
 00000001  07				TheAttrib   BYTE 7	     ; white on black
				CharAttrib ENDS

 00000000			.data




 00000000 20 0E 21 0F 22	surprise db 32, 14, 33, 15, 34, 16, 35, 17, 36, 18, 37, 19, 38, 20, 39, 21, 40, 22, 41, 23
	   10 23 11 24 12
	   25 13 26 14 27
	   15 28 16 29 17
 00000014  2A 18 2B 19 2C	db 42, 24, 43, 25, 44, 26, 45, 27, 46, 28, 47, 29, 48, 30, 49, 31, 50, 32, 51, 33
	   1A 2D 1B 2E 1C
	   2F 1D 30 1E 31
	   1F 32 20 33 21
 00000028  34 22 35 23 36	db 52, 34, 53, 35, 54, 36, 55, 37, 56, 38, 57, 39, 58, 40, 59, 41, 60, 42, 61, 43
	   24 37 25 38 26
	   39 27 3A 28 3B
	   29 3C 2A 3D 2B
 0000003C  3E 2C 3F 2D 40	db 62, 44, 63, 45, 64, 46, 65, 47, 66, 48, 67, 49, 142, 50, 124, 51, 125, 52, 71, 53
	   2E 41 2F 42 30
	   43 31 8E 32 7C
	   33 7D 34 47 35
 00000050  48 36 89 37 4C	db 72, 54, 137, 55, 76, 56, 77, 57, 101, 58, 132, 59, 148, 60, 79, 61, 80, 62, 81, 63
	   38 4D 39 65 3A
	   84 3B 94 3C 4F
	   3D 50 3E 51 3F
 00000064  52 40 53 41 54	db 82, 64, 83, 65, 84, 66, 85, 67, 86, 68, 87, 69, 88, 70, 89, 71, 90, 72, 91, 73
	   42 55 43 56 44
	   57 45 58 46 59
	   47 5A 48 5B 49
 00000078  5C 4A 5D 4B 5E	db 92, 74, 93, 75, 94, 76, 95, 77, 96, 78, 97, 79, 98, 80, 99, 81, 100, 82, 101, 83
	   4C 5F 4D 60 4E
	   61 4F 62 50 63
	   51 64 52 65 53
 0000008C  66 54 67 55 68	db 102, 84, 103, 85, 104, 86, 105, 87, 106, 88, 107, 89, 108, 90, 109, 91, 110, 92, 111, 93
	   56 69 57 6A 58
	   6B 59 6C 5A 6D
	   5B 6E 5C 6F 5D
 000000A0  20 0E 21 0F 22	db 32, 14, 33, 15, 34, 16, 35, 17, 36, 18, 37, 19, 38, 20, 39, 21, 40, 22, 41, 23
	   10 23 11 24 12
	   25 13 26 14 27
	   15 28 16 29 17
 000000B4  2A 18 2B 19 2C	db 42, 24, 43, 25, 44, 26, 45, 27, 46, 28, 47, 29, 48, 30, 49, 31, 50, 32, 51, 33
	   1A 2D 1B 2E 1C
	   2F 1D 30 1E 31
	   1F 32 20 33 21
 000000C8  34 22 35 23 36	db 52, 34, 53, 35, 54, 36, 55, 37, 56, 38, 57, 39, 58, 40, 59, 41, 60, 42, 61, 43
	   24 37 25 38 26
	   39 27 3A 28 3B
	   29 3C 2A 3D 2B
 000000DC  3E 2C 3F 2D 40	db 62, 44, 63, 45, 64, 46, 65, 47, 66, 48, 67, 49, 131, 50, 72, 51, 125, 52, 126, 53
	   2E 41 2F 42 30
	   43 31 83 32 48
	   33 7D 34 7E 35
 000000F0  7F 36 49 37 4A	db 127, 54, 73, 55, 74, 56, 75, 57, 76, 58, 77, 59, 119, 60, 134, 61, 80, 62, 81, 63
	   38 4B 39 4C 3A
	   4D 3B 77 3C 86
	   3D 50 3E 51 3F
 00000104  52 40 53 41 54	db 82, 64, 83, 65, 84, 66, 85, 67, 86, 68, 87, 69, 88, 70, 89, 71, 90, 72, 91, 73
	   42 55 43 56 44
	   57 45 58 46 59
	   47 5A 48 5B 49
 00000118  5C 4A 5D 4B 5E	db 92, 74, 93, 75, 94, 76, 95, 77, 96, 78, 97, 79, 98, 80, 99, 81, 100, 82, 101, 83
	   4C 5F 4D 60 4E
	   61 4F 62 50 63
	   51 64 52 65 53
 0000012C  66 54 67 55 68	db 102, 84, 103, 85, 104, 86, 105, 87, 106, 88, 107, 89, 108, 90, 109, 91, 110, 92, 111, 93
	   56 69 57 6A 58
	   6B 59 6C 5A 6D
	   5B 6E 5C 6F 5D
 00000140  20 0E 21 0F 22	db 32, 14, 33, 15, 34, 16, 35, 17, 36, 18, 37, 19, 38, 20, 39, 21, 40, 22, 41, 23
	   10 23 11 24 12
	   25 13 26 14 27
	   15 28 16 29 17
 00000154  2A 18 2B 19 2C	db 42, 24, 43, 25, 44, 26, 45, 27, 46, 28, 47, 29, 48, 30, 49, 31, 50, 32, 51, 33
	   1A 2D 1B 2E 1C
	   2F 1D 30 1E 31
	   1F 32 20 33 21
 00000168  34 22 35 23 36	db 52, 34, 53, 35, 54, 36, 55, 37, 56, 38, 57, 39, 58, 40, 59, 41, 60, 42, 61, 43
	   24 37 25 38 26
	   39 27 3A 28 3B
	   29 3C 2A 3D 2B
 0000017C  3E 2C 3F 2D 40	db 62, 44, 63, 45, 64, 46, 65, 47, 66, 48, 141, 49, 123, 50, 124, 51, 125, 52, 126, 53
	   2E 41 2F 42 30
	   8D 31 7B 32 7C
	   33 7D 34 7E 35
 00000190  7F 36 49 37 4A	db 127, 54, 73, 55, 74, 56, 75, 57, 76, 58, 77, 59, 119, 60, 134, 61, 80, 62, 81, 63
	   38 4B 39 4C 3A
	   4D 3B 77 3C 86
	   3D 50 3E 51 3F
 000001A4  52 40 53 41 54	db 82, 64, 83, 65, 84, 66, 85, 67, 86, 68, 87, 69, 88, 70, 89, 71, 90, 72, 91, 73
	   42 55 43 56 44
	   57 45 58 46 59
	   47 5A 48 5B 49
 000001B8  5C 4A 5D 4B 5E	db 92, 74, 93, 75, 94, 76, 95, 77, 96, 78, 97, 79, 98, 80, 99, 81, 100, 82, 101, 83
	   4C 5F 4D 60 4E
	   61 4F 62 50 63
	   51 64 52 65 53
 000001CC  66 54 67 55 68	db 102, 84, 103, 85, 104, 86, 105, 87, 106, 88, 107, 89, 108, 90, 109, 91, 110, 92, 111, 93
	   56 69 57 6A 58
	   6B 59 6C 5A 6D
	   5B 6E 5C 6F 5D
 000001E0  20 0E 21 0F 22	db 32, 14, 33, 15, 34, 16, 35, 17, 36, 18, 37, 19, 38, 20, 39, 21, 40, 22, 41, 23
	   10 23 11 24 12
	   25 13 26 14 27
	   15 28 16 29 17
 000001F4  2A 18 2B 19 2C	db 42, 24, 43, 25, 44, 26, 45, 27, 46, 28, 47, 29, 48, 30, 49, 31, 50, 32, 51, 33
	   1A 2D 1B 2E 1C
	   2F 1D 30 1E 31
	   1F 32 20 33 21
 00000208  34 22 35 23 36	db 52, 34, 53, 35, 54, 36, 55, 37, 56, 38, 57, 39, 58, 40, 122, 41, 123, 42, 73, 43
	   24 37 25 38 26
	   39 27 3A 28 7A
	   29 7B 2A 49 2B
 0000021C  97 2C 98 2D 99	db 151, 44, 152, 45, 153, 46, 154, 47, 155, 48, 122, 49, 123, 50, 124, 51, 125, 52, 126, 53
	   2E 9A 2F 9B 30
	   7A 31 7B 32 7C
	   33 7D 34 7E 35
 00000230  48 36 49 37 4A	db 72, 54, 73, 55, 74, 56, 75, 57, 76, 58, 118, 59, 133, 60, 168, 61, 169, 62, 170, 63
	   38 4B 39 4C 3A
	   76 3B 85 3C A8
	   3D A9 3E AA 3F
 00000244  AB 40 92 41 93	db 171, 64, 146, 65, 147, 66, 148, 67, 86, 68, 87, 69, 88, 70, 89, 71, 90, 72, 91, 73
	   42 94 43 56 44
	   57 45 58 46 59
	   47 5A 48 5B 49
 00000258  5C 4A 5D 4B 5E	db 92, 74, 93, 75, 94, 76, 95, 77, 96, 78, 97, 79, 98, 80, 99, 81, 100, 82, 101, 83
	   4C 5F 4D 60 4E
	   61 4F 62 50 63
	   51 64 52 65 53
 0000026C  66 54 67 55 68	db 102, 84, 103, 85, 104, 86, 105, 87, 106, 88, 107, 89, 108, 90, 109, 91, 110, 92, 111, 93
	   56 69 57 6A 58
	   6B 59 6C 5A 6D
	   5B 6E 5C 6F 5D
 00000280  20 0E 21 0F 22	db 32, 14, 33, 15, 34, 16, 35, 17, 36, 18, 37, 19, 38, 20, 39, 21, 40, 22, 41, 23
	   10 23 11 24 12
	   25 13 26 14 27
	   15 28 16 29 17
 00000294  2A 18 2B 19 2C	db 42, 24, 43, 25, 44, 26, 45, 27, 46, 28, 47, 29, 48, 30, 49, 31, 50, 32, 51, 33
	   1A 2D 1B 2E 1C
	   2F 1D 30 1E 31
	   1F 32 20 33 21
 000002A8  34 22 35 23 75	db 52, 34, 53, 35, 117, 36, 129, 37, 145, 38, 112, 39, 113, 40, 107, 41, 62, 42, 123, 43
	   24 81 25 91 26
	   70 27 71 28 6B
	   29 3E 2A 7B 2B
 000002BC  7E 2C 7F 2D 42	db 126, 44, 127, 45, 66, 46, 129, 47, 80, 48, 102, 49, 70, 50, 94, 51, 80, 52, 83, 53
	   2E 81 2F 50 30
	   66 31 46 32 5E
	   33 50 34 53 35
 000002D0  72 36 49 37 89	db 114, 54, 73, 55, 137, 56, 89, 57, 153, 58, 158, 59, 114, 60, 105, 61, 142, 62, 143, 63
	   38 59 39 99 3A
	   9E 3B 72 3C 69
	   3D 8E 3E 8F 3F
 000002E4  54 40 8A 41 8B	db 84, 64, 138, 65, 139, 66, 140, 67, 141, 68, 142, 69, 143, 70, 138, 71, 161, 72, 154, 73
	   42 8C 43 8D 44
	   8E 45 8F 46 8A
	   47 A1 48 9A 49
 000002F8  9B 4A 5D 4B 5E	db 155, 74, 93, 75, 94, 76, 95, 77, 96, 78, 97, 79, 98, 80, 99, 81, 100, 82, 101, 83
	   4C 5F 4D 60 4E
	   61 4F 62 50 63
	   51 64 52 65 53
 0000030C  66 54 67 55 68	db 102, 84, 103, 85, 104, 86, 105, 87, 106, 88, 107, 89, 108, 90, 109, 91, 110, 92, 111, 93
	   56 69 57 6A 58
	   6B 59 6C 5A 6D
	   5B 6E 5C 6F 5D
 00000320  20 0E 21 0F 22	db 32, 14, 33, 15, 34, 16, 35, 17, 36, 18, 37, 19, 38, 20, 39, 21, 40, 22, 41, 23
	   10 23 11 24 12
	   25 13 26 14 27
	   15 28 16 29 17
 00000334  2A 18 2B 19 2C	db 42, 24, 43, 25, 44, 26, 45, 27, 46, 28, 47, 29, 48, 30, 49, 31, 50, 32, 51, 33
	   1A 2D 1B 2E 1C
	   2F 1D 30 1E 31
	   1F 32 20 33 21
 00000348  7E 22 7C 23 6D	db 126, 34, 124, 35, 109, 36, 57, 37, 118, 38, 71, 39, 93, 40, 74, 41, 62, 42, 61, 43
	   24 39 25 76 26
	   47 27 5D 28 4A
	   29 3E 2A 3D 2B
 0000035C  3E 2C 3F 2D 40	db 62, 44, 63, 45, 64, 46, 79, 47, 101, 48, 74, 49, 68, 50, 69, 51, 70, 52, 71, 53
	   2E 4F 2F 65 30
	   4A 31 44 32 45
	   33 46 34 47 35
 00000370  48 36 72 37 4A	db 72, 54, 114, 55, 74, 56, 75, 57, 76, 58, 77, 59, 142, 60, 115, 61, 94, 62, 81, 63
	   38 4B 39 4C 3A
	   4D 3B 8E 3C 73
	   3D 5E 3E 51 3F
 00000384  52 40 53 41 54	db 82, 64, 83, 65, 84, 66, 85, 67, 93, 68, 123, 69, 102, 70, 152, 71, 92, 72, 146, 73
	   42 55 43 5D 44
	   7B 45 66 46 98
	   47 5C 48 92 49
 00000398  8D 4A A4 4B 9D	db 141, 74, 164, 75, 157, 76, 95, 77, 96, 78, 97, 79, 98, 80, 99, 81, 100, 82, 101, 83
	   4C 5F 4D 60 4E
	   61 4F 62 50 63
	   51 64 52 65 53
 000003AC  66 54 67 55 68	db 102, 84, 103, 85, 104, 86, 105, 87, 106, 88, 107, 89, 108, 90, 109, 91, 110, 92, 111, 93
	   56 69 57 6A 58
	   6B 59 6C 5A 6D
	   5B 6E 5C 6F 5D
 000003C0  20 0E 21 0F 22	db 32, 14, 33, 15, 34, 16, 35, 17, 36, 18, 37, 19, 38, 20, 39, 21, 40, 22, 41, 23
	   10 23 11 24 12
	   25 13 26 14 27
	   15 28 16 29 17
 000003D4  2A 18 2B 19 2C	db 42, 24, 43, 25, 44, 26, 45, 27, 46, 28, 47, 29, 48, 30, 49, 31, 124, 32, 106, 33
	   1A 2D 1B 2E 1C
	   2F 1D 30 1E 31
	   1F 7C 20 6A 21
 000003E8  64 22 75 23 36	db 100, 34, 117, 35, 54, 36, 69, 37, 91, 38, 59, 39, 58, 40, 59, 41, 60, 42, 61, 43
	   24 45 25 5B 26
	   3B 27 3A 28 3B
	   29 3C 2A 3D 2B
 000003FC  3E 2C 3F 2D 40	db 62, 44, 63, 45, 64, 46, 100, 47, 73, 48, 67, 49, 68, 50, 69, 51, 70, 52, 71, 53
	   2E 64 2F 49 30
	   43 31 44 32 45
	   33 46 34 47 35
 00000410  48 36 72 37 4A	db 72, 54, 114, 55, 74, 56, 75, 57, 76, 58, 77, 59, 78, 60, 143, 61, 116, 62, 95, 63
	   38 4B 39 4C 3A
	   4D 3B 4E 3C 8F
	   3D 74 3E 5F 3F
 00000424  91 40 53 41 54	db 145, 64, 83, 65, 84, 66, 85, 67, 86, 68, 87, 69, 152, 70, 125, 71, 104, 72, 154, 73
	   42 55 43 56 44
	   57 45 98 46 7D
	   47 68 48 9A 49
 00000438  5C 4A 5F 4B 8F	db 92, 74, 95, 75, 143, 76, 166, 77, 159, 78, 97, 79, 98, 80, 99, 81, 100, 82, 101, 83
	   4C A6 4D 9F 4E
	   61 4F 62 50 63
	   51 64 52 65 53
 0000044C  66 54 67 55 68	db 102, 84, 103, 85, 104, 86, 105, 87, 106, 88, 107, 89, 108, 90, 109, 91, 110, 92, 111, 93
	   56 69 57 6A 58
	   6B 59 6C 5A 6D
	   5B 6E 5C 6F 5D
 00000460  20 0E 21 0F 22	db 32, 14, 33, 15, 34, 16, 35, 17, 36, 18, 37, 19, 38, 20, 39, 21, 40, 22, 41, 23
	   10 23 11 24 12
	   25 13 26 14 27
	   15 28 16 29 17
 00000474  2A 18 2B 19 2C	db 42, 24, 43, 25, 44, 26, 45, 27, 46, 28, 47, 29, 122, 30, 98, 31, 98, 32, 115, 33
	   1A 2D 1B 2E 1C
	   2F 1D 7A 1E 62
	   1F 62 20 73 21
 00000488  34 22 35 23 44	db 52, 34, 53, 35, 68, 36, 90, 37, 56, 38, 57, 39, 58, 40, 59, 41, 72, 42, 129, 43
	   24 5A 25 38 26
	   39 27 3A 28 3B
	   29 48 2A 81 2B
 0000049C  7C 2C 7D 2D 82	db 124, 44, 125, 45, 130, 46, 79, 47, 129, 48, 67, 49, 68, 50, 69, 51, 70, 52, 71, 53
	   2E 4F 2F 81 30
	   43 31 44 32 45
	   33 46 34 47 35
 000004B0  48 36 72 37 4A	db 72, 54, 114, 55, 74, 56, 75, 57, 76, 58, 77, 59, 78, 60, 79, 61, 143, 62, 95, 63
	   38 4B 39 4C 3A
	   4D 3B 4E 3C 4F
	   3D 8F 3E 5F 3F
 000004C4  96 40 91 41 92	db 150, 64, 145, 65, 146, 66, 151, 67, 100, 68, 87, 69, 88, 70, 89, 71, 154, 72, 127, 73
	   42 97 43 64 44
	   57 45 58 46 59
	   47 9A 48 7F 49
 000004D8  6A 4A 9C 4B 5E	db 106, 74, 156, 75, 94, 76, 97, 77, 145, 78, 168, 79, 98, 80, 99, 81, 100, 82, 101, 83
	   4C 61 4D 91 4E
	   A8 4F 62 50 63
	   51 64 52 65 53
 000004EC  66 54 67 55 68	db 102, 84, 103, 85, 104, 86, 105, 87, 106, 88, 107, 89, 108, 90, 109, 91, 110, 92, 111, 93
	   56 69 57 6A 58
	   6B 59 6C 5A 6D
	   5B 6E 5C 6F 5D
 00000500  20 0E 21 0F 22	db 32, 14, 33, 15, 34, 16, 35, 17, 36, 18, 37, 19, 38, 20, 39, 21, 40, 22, 41, 23
	   10 23 11 24 12
	   25 13 26 14 27
	   15 28 16 29 17
 00000514  2A 18 2B 19 2C	db 42, 24, 43, 25, 44, 26, 45, 27, 46, 28, 121, 29, 97, 30, 111, 31, 50, 32, 51, 33
	   1A 2D 1B 2E 1C
	   79 1D 61 1E 6F
	   1F 32 20 33 21
 00000528  42 22 58 23 38	db 66, 34, 88, 35, 56, 36, 55, 37, 56, 38, 57, 39, 73, 40, 123, 41, 60, 42, 61, 43
	   24 37 25 38 26
	   39 27 49 28 7B
	   29 3C 2A 3D 2B
 0000053C  3E 2C 4D 2D 4B	db 62, 44, 77, 45, 75, 46, 67, 47, 66, 48, 127, 49, 68, 50, 69, 51, 70, 52, 71, 53
	   2E 43 2F 42 30
	   7F 31 44 32 45
	   33 46 34 47 35
 00000550  48 36 72 37 4A	db 72, 54, 114, 55, 74, 56, 75, 57, 76, 58, 77, 59, 78, 60, 94, 61, 80, 62, 83, 63
	   38 4B 39 4C 3A
	   4D 3B 4E 3C 5E
	   3D 50 3E 53 3F
 00000564  5D 40 61 41 54	db 93, 64, 97, 65, 84, 66, 85, 67, 86, 68, 151, 69, 148, 70, 89, 71, 90, 72, 91, 73
	   42 55 43 56 44
	   97 45 94 46 59
	   47 5A 48 5B 49
 00000578  9C 4A 81 4B 6C	db 156, 74, 129, 75, 108, 76, 95, 77, 96, 78, 153, 79, 147, 80, 99, 81, 100, 82, 101, 83
	   4C 5F 4D 60 4E
	   99 4F 93 50 63
	   51 64 52 65 53
 0000058C  66 54 67 55 68	db 102, 84, 103, 85, 104, 86, 105, 87, 106, 88, 107, 89, 108, 90, 109, 91, 110, 92, 111, 93
	   56 69 57 6A 58
	   6B 59 6C 5A 6D
	   5B 6E 5C 6F 5D
 000005A0  20 0E 21 0F 22	db 32, 14, 33, 15, 34, 16, 35, 17, 36, 18, 37, 19, 38, 20, 39, 21, 40, 22, 41, 23
	   10 23 11 24 12
	   25 13 26 14 27
	   15 28 16 29 17
 000005B4  2A 18 2B 19 2C	db 42, 24, 43, 25, 44, 26, 45, 27, 120, 28, 96, 29, 55, 30, 49, 31, 50, 32, 65, 33
	   1A 2D 1B 78 1C
	   60 1D 37 1E 31
	   1F 32 20 41 21
 000005C8  57 22 3C 23 36	db 87, 34, 60, 35, 54, 36, 55, 37, 56, 38, 149, 39, 122, 40, 59, 41, 60, 42, 75, 43
	   24 37 25 38 26
	   95 27 7A 28 3B
	   29 3C 2A 4B 2B
 000005DC  40 2C 3F 2D 40	db 64, 44, 63, 45, 64, 46, 65, 47, 66, 48, 76, 49, 68, 50, 69, 51, 70, 52, 71, 53
	   2E 41 2F 42 30
	   4C 31 44 32 45
	   33 46 34 47 35
 000005F0  87 36 72 37 4A	db 135, 54, 114, 55, 74, 56, 75, 57, 76, 58, 77, 59, 86, 60, 79, 61, 80, 62, 81, 63
	   38 4B 39 4C 3A
	   4D 3B 56 3C 4F
	   3D 50 3E 51 3F
 00000604  52 40 53 41 56	db 82, 64, 83, 65, 86, 66, 99, 67, 86, 68, 87, 69, 180, 70, 89, 71, 90, 72, 91, 73
	   42 63 43 56 44
	   57 45 B4 46 59
	   47 5A 48 5B 49
 00000618  5C 4A 9D 4B 82	db 92, 74, 157, 75, 130, 76, 109, 77, 96, 78, 97, 79, 118, 80, 102, 81, 100, 82, 101, 83
	   4C 6D 4D 60 4E
	   61 4F 76 50 66
	   51 64 52 65 53
 0000062C  66 54 67 55 68	db 102, 84, 103, 85, 104, 86, 105, 87, 106, 88, 107, 89, 108, 90, 109, 91, 110, 92, 111, 93
	   56 69 57 6A 58
	   6B 59 6C 5A 6D
	   5B 6E 5C 6F 5D
 00000640  20 0E 21 0F 22	db 32, 14, 33, 15, 34, 16, 35, 17, 36, 18, 37, 19, 38, 20, 39, 21, 40, 22, 41, 23
	   10 23 11 24 12
	   25 13 26 14 27
	   15 28 16 29 17
 00000654  2A 18 2B 19 2C	db 42, 24, 43, 25, 44, 26, 45, 27, 95, 28, 117, 29, 48, 30, 49, 31, 64, 32, 86, 33
	   1A 2D 1B 5F 1C
	   75 1D 30 1E 31
	   1F 40 20 56 21
 00000668  34 22 35 23 36	db 52, 34, 53, 35, 54, 36, 55, 37, 56, 38, 65, 39, 58, 40, 59, 41, 60, 42, 69, 43
	   24 37 25 38 26
	   41 27 3A 28 3B
	   29 3C 2A 45 2B
 0000067C  3E 2C 3F 2D 40	db 62, 44, 63, 45, 64, 46, 65, 47, 81, 48, 67, 49, 68, 50, 69, 51, 70, 52, 86, 53
	   2E 41 2F 51 30
	   43 31 44 32 45
	   33 46 34 56 35
 00000690  48 36 58 37 86	db 72, 54, 88, 55, 134, 56, 75, 57, 76, 58, 77, 59, 78, 60, 139, 61, 80, 62, 81, 63
	   38 4B 39 4C 3A
	   4D 3B 4E 3C 8B
	   3D 50 3E 51 3F
 000006A4  52 40 53 41 54	db 82, 64, 83, 65, 84, 66, 94, 67, 86, 68, 87, 69, 97, 70, 89, 71, 90, 72, 91, 73
	   42 5E 43 56 44
	   57 45 61 46 59
	   47 5A 48 5B 49
 000006B8  5C 4A 5D 4B 9E	db 92, 74, 93, 75, 158, 76, 131, 77, 110, 78, 97, 79, 98, 80, 148, 81, 171, 82, 101, 83
	   4C 83 4D 6E 4E
	   61 4F 62 50 94
	   51 AB 52 65 53
 000006CC  66 54 67 55 68	db 102, 84, 103, 85, 104, 86, 105, 87, 106, 88, 107, 89, 108, 90, 109, 91, 110, 92, 111, 93
	   56 69 57 6A 58
	   6B 59 6C 5A 6D
	   5B 6E 5C 6F 5D
 000006E0  20 0E 21 0F 22	db 32, 14, 33, 15, 34, 16, 35, 17, 36, 18, 37, 19, 38, 20, 39, 21, 40, 22, 41, 23
	   10 23 11 24 12
	   25 13 26 14 27
	   15 28 16 29 17
 000006F4  2A 18 2B 19 2C	db 42, 24, 43, 25, 44, 26, 119, 27, 101, 28, 47, 29, 48, 30, 49, 31, 85, 32, 58, 33
	   1A 77 1B 65 1C
	   2F 1D 30 1E 31
	   1F 55 20 3A 21
 00000708  34 22 35 23 36	db 52, 34, 53, 35, 54, 36, 55, 37, 56, 38, 57, 39, 118, 40, 122, 41, 123, 42, 121, 43
	   24 37 25 38 26
	   39 27 76 28 7A
	   29 7B 2A 79 2B
 0000071C  7D 2C 4D 2D 4B	db 125, 44, 77, 45, 75, 46, 72, 47, 66, 48, 67, 49, 68, 50, 69, 51, 85, 52, 71, 53
	   2E 48 2F 42 30
	   43 31 44 32 45
	   33 55 34 47 35
 00000730  57 36 49 37 4A	db 87, 54, 73, 55, 74, 56, 135, 57, 76, 58, 77, 59, 78, 60, 79, 61, 144, 62, 92, 63
	   38 87 39 4C 3A
	   4D 3B 4E 3C 4F
	   3D 90 3E 5C 3F
 00000744  60 40 92 41 63	db 96, 64, 146, 65, 99, 66, 148, 67, 149, 68, 102, 69, 88, 70, 89, 71, 90, 72, 91, 73
	   42 94 43 95 44
	   66 45 58 46 59
	   47 5A 48 5B 49
 00000758  5C 4A 5D 4B 5E	db 92, 74, 93, 75, 94, 76, 159, 77, 132, 78, 97, 79, 98, 80, 173, 81, 149, 82, 101, 83
	   4C 9F 4D 84 4E
	   61 4F 62 50 AD
	   51 95 52 65 53
 0000076C  66 54 67 55 68	db 102, 84, 103, 85, 104, 86, 105, 87, 106, 88, 107, 89, 108, 90, 109, 91, 110, 92, 111, 93
	   56 69 57 6A 58
	   6B 59 6C 5A 6D
	   5B 6E 5C 6F 5D
 00000780  20 0E 21 0F 22	db 32, 14, 33, 15, 34, 16, 35, 17, 36, 18, 37, 19, 38, 20, 39, 21, 40, 22, 41, 23
	   10 23 11 24 12
	   25 13 26 14 27
	   15 28 16 29 17
 00000794  2A 18 2B 19 2C	db 42, 24, 43, 25, 44, 26, 94, 27, 116, 28, 47, 29, 48, 30, 49, 31, 85, 32, 51, 33
	   1A 5E 1B 74 1C
	   2F 1D 30 1E 31
	   1F 55 20 33 21
 000007A8  34 22 35 23 36	db 52, 34, 53, 35, 54, 36, 55, 37, 56, 38, 57, 39, 58, 40, 59, 41, 95, 42, 61, 43
	   24 37 25 38 26
	   39 27 3A 28 3B
	   29 5F 2A 3D 2B
 000007BC  3E 2C 3F 2D 40	db 62, 44, 63, 45, 64, 46, 65, 47, 66, 48, 67, 49, 68, 50, 84, 51, 133, 52, 86, 53
	   2E 41 2F 42 30
	   43 31 44 32 54
	   33 85 34 56 35
 000007D0  48 36 49 37 4A	db 72, 54, 73, 55, 74, 56, 75, 57, 136, 58, 77, 59, 78, 60, 79, 61, 80, 62, 81, 63
	   38 4B 39 88 3A
	   4D 3B 4E 3C 4F
	   3D 50 3E 51 3F
 000007E4  52 40 53 41 54	db 82, 64, 83, 65, 84, 66, 85, 67, 122, 68, 87, 69, 88, 70, 89, 71, 90, 72, 91, 73
	   42 55 43 7A 44
	   57 45 58 46 59
	   47 5A 48 5B 49
 000007F8  5C 4A 5D 4B 5E	db 92, 74, 93, 75, 94, 76, 95, 77, 132, 78, 97, 79, 98, 80, 99, 81, 149, 82, 176, 83
	   4C 5F 4D 84 4E
	   61 4F 62 50 63
	   51 95 52 B0 53
 0000080C  66 54 67 55 68	db 102, 84, 103, 85, 104, 86, 105, 87, 106, 88, 107, 89, 108, 90, 109, 91, 110, 92, 111, 93
	   56 69 57 6A 58
	   6B 59 6C 5A 6D
	   5B 6E 5C 6F 5D
 00000820  20 0E 21 0F 22	db 32, 14, 33, 15, 34, 16, 35, 17, 36, 18, 37, 19, 38, 20, 39, 21, 40, 22, 41, 23
	   10 23 11 24 12
	   25 13 26 14 27
	   15 28 16 29 17
 00000834  2A 18 2B 19 2C	db 42, 24, 43, 25, 44, 26, 94, 27, 116, 28, 47, 29, 48, 30, 49, 31, 85, 32, 51, 33
	   1A 5E 1B 74 1C
	   2F 1D 30 1E 31
	   1F 55 20 33 21
 00000848  34 22 35 23 36	db 52, 34, 53, 35, 54, 36, 55, 37, 56, 38, 120, 39, 58, 40, 59, 41, 95, 42, 61, 43
	   24 37 25 38 26
	   78 27 3A 28 3B
	   29 5F 2A 3D 2B
 0000085C  3E 2C 3F 2D 40	db 62, 44, 63, 45, 64, 46, 65, 47, 66, 48, 67, 49, 68, 50, 129, 51, 133, 52, 131, 53
	   2E 41 2F 42 30
	   43 31 44 32 81
	   33 85 34 83 35
 00000870  87 36 88 37 89	db 135, 54, 136, 55, 137, 56, 138, 57, 91, 58, 77, 59, 78, 60, 79, 61, 80, 62, 81, 63
	   38 8A 39 5B 3A
	   4D 3B 4E 3C 4F
	   3D 50 3E 51 3F
 00000884  52 40 53 41 54	db 82, 64, 83, 65, 84, 66, 85, 67, 122, 68, 87, 69, 88, 70, 152, 71, 90, 72, 91, 73
	   42 55 43 7A 44
	   57 45 58 46 98
	   47 5A 48 5B 49
 00000898  5C 4A 5D 4B 5E	db 92, 74, 93, 75, 94, 76, 95, 77, 132, 78, 97, 79, 98, 80, 99, 81, 149, 82, 139, 83
	   4C 5F 4D 84 4E
	   61 4F 62 50 63
	   51 95 52 8B 53
 000008AC  66 54 67 55 68	db 102, 84, 103, 85, 104, 86, 105, 87, 106, 88, 107, 89, 108, 90, 109, 91, 110, 92, 111, 93
	   56 69 57 6A 58
	   6B 59 6C 5A 6D
	   5B 6E 5C 6F 5D
 000008C0  20 0E 21 0F 22	db 32, 14, 33, 15, 34, 16, 35, 17, 36, 18, 37, 19, 38, 20, 39, 21, 40, 22, 41, 23
	   10 23 11 24 12
	   25 13 26 14 27
	   15 28 16 29 17
 000008D4  2A 18 2B 19 2C	db 42, 24, 43, 25, 44, 26, 94, 27, 90, 28, 47, 29, 48, 30, 49, 31, 85, 32, 51, 33
	   1A 5E 1B 5A 1C
	   2F 1D 30 1E 31
	   1F 55 20 33 21
 000008E8  34 22 35 23 36	db 52, 34, 53, 35, 54, 36, 55, 37, 56, 38, 117, 39, 122, 40, 70, 41, 74, 42, 124, 43
	   24 37 25 38 26
	   75 27 7A 28 46
	   29 4A 2A 7C 2B
 000008FC  7D 2C 3F 2D 40	db 125, 44, 63, 45, 64, 46, 65, 47, 66, 48, 67, 49, 131, 50, 132, 51, 133, 52, 134, 53
	   2E 41 2F 42 30
	   43 31 83 32 84
	   33 85 34 86 35
 00000910  87 36 88 37 89	db 135, 54, 136, 55, 137, 56, 75, 57, 76, 58, 77, 59, 78, 60, 79, 61, 143, 62, 144, 63
	   38 4B 39 4C 3A
	   4D 3B 4E 3C 4F
	   3D 8F 3E 90 3F
 00000924  91 40 92 41 93	db 145, 64, 146, 65, 147, 66, 148, 67, 100, 68, 98, 69, 95, 70, 104, 71, 90, 72, 91, 73
	   42 94 43 64 44
	   62 45 5F 46 68
	   47 5A 48 5B 49
 00000938  5C 4A 5D 4B 5E	db 92, 74, 93, 75, 94, 76, 95, 77, 132, 78, 97, 79, 98, 80, 99, 81, 149, 82, 139, 83
	   4C 5F 4D 84 4E
	   61 4F 62 50 63
	   51 95 52 8B 53
 0000094C  66 54 67 55 68	db 102, 84, 103, 85, 104, 86, 105, 87, 106, 88, 107, 89, 108, 90, 109, 91, 110, 92, 111, 93
	   56 69 57 6A 58
	   6B 59 6C 5A 6D
	   5B 6E 5C 6F 5D
 00000960  20 0E 21 0F 22	db 32, 14, 33, 15, 34, 16, 35, 17, 36, 18, 37, 19, 38, 20, 39, 21, 40, 22, 41, 23
	   10 23 11 24 12
	   25 13 26 14 27
	   15 28 16 29 17
 00000974  2A 18 2B 19 2C	db 42, 24, 43, 25, 44, 26, 79, 27, 52, 28, 47, 29, 48, 30, 49, 31, 85, 32, 65, 33
	   1A 4F 1B 34 1C
	   2F 1D 30 1E 31
	   1F 55 20 41 21
 00000988  34 22 35 23 36	db 52, 34, 53, 35, 54, 36, 55, 37, 56, 38, 57, 39, 118, 40, 59, 41, 60, 42, 61, 43
	   24 37 25 38 26
	   39 27 76 28 3B
	   29 3C 2A 3D 2B
 0000099C  7A 2C 9B 2D 40	db 122, 44, 155, 45, 64, 46, 65, 47, 66, 48, 67, 49, 160, 50, 161, 51, 70, 52, 71, 53
	   2E 41 2F 42 30
	   43 31 A0 32 A1
	   33 46 34 47 35
 000009B0  48 36 49 37 4A	db 72, 54, 73, 55, 74, 56, 167, 57, 76, 58, 77, 59, 78, 60, 79, 61, 172, 62, 173, 63
	   38 A7 39 4C 3A
	   4D 3B 4E 3C 4F
	   3D AC 3E AD 3F
 000009C4  52 40 53 41 54	db 82, 64, 83, 65, 84, 66, 85, 67, 86, 68, 87, 69, 103, 70, 89, 71, 90, 72, 91, 73
	   42 55 43 56 44
	   57 45 67 46 59
	   47 5A 48 5B 49
 000009D8  5C 4A 5D 4B 5E	db 92, 74, 93, 75, 94, 76, 95, 77, 132, 78, 97, 79, 98, 80, 99, 81, 149, 82, 171, 83
	   4C 5F 4D 84 4E
	   61 4F 62 50 63
	   51 95 52 AB 53
 000009EC  66 54 67 55 68	db 102, 84, 103, 85, 104, 86, 105, 87, 106, 88, 107, 89, 108, 90, 109, 91, 110, 92, 111, 93
	   56 69 57 6A 58
	   6B 59 6C 5A 6D
	   5B 6E 5C 6F 5D
 00000A00  20 0E 21 0F 22	db 32, 14, 33, 15, 34, 16, 35, 17, 36, 18, 37, 19, 38, 20, 39, 21, 40, 22, 41, 23
	   10 23 11 24 12
	   25 13 26 14 27
	   15 28 16 29 17
 00000A14  2A 18 2B 19 2C	db 42, 24, 43, 25, 44, 26, 119, 27, 95, 28, 47, 29, 48, 30, 49, 31, 114, 32, 86, 33
	   1A 77 1B 5F 1C
	   2F 1D 30 1E 31
	   1F 72 20 56 21
 00000A28  42 22 35 23 36	db 66, 34, 53, 35, 54, 36, 55, 37, 56, 38, 57, 39, 58, 40, 119, 41, 60, 42, 61, 43
	   24 37 25 38 26
	   39 27 3A 28 77
	   29 3C 2A 3D 2B
 00000A3C  3E 2C 9B 2D 7F	db 62, 44, 155, 45, 127, 46, 128, 47, 129, 48, 130, 49, 160, 50, 84, 51, 70, 52, 71, 53
	   2E 80 2F 81 30
	   82 31 A0 32 54
	   33 46 34 47 35
 00000A50  48 36 49 37 4A	db 72, 54, 73, 55, 74, 56, 167, 57, 139, 58, 140, 59, 141, 60, 142, 61, 172, 62, 96, 63
	   38 A7 39 8B 3A
	   8C 3B 8D 3C 8E
	   3D AC 3E 60 3F
 00000A64  91 40 92 41 54	db 145, 64, 146, 65, 84, 66, 85, 67, 86, 68, 102, 69, 88, 70, 89, 71, 90, 72, 91, 73
	   42 55 43 56 44
	   66 45 58 46 59
	   47 5A 48 5B 49
 00000A78  5C 4A 5D 4B 6C	db 92, 74, 93, 75, 108, 76, 131, 77, 103, 78, 97, 79, 98, 80, 99, 81, 174, 82, 156, 83
	   4C 83 4D 67 4E
	   61 4F 62 50 63
	   51 AE 52 9C 53
 00000A8C  66 54 67 55 68	db 102, 84, 103, 85, 104, 86, 105, 87, 106, 88, 107, 89, 108, 90, 109, 91, 110, 92, 111, 93
	   56 69 57 6A 58
	   6B 59 6C 5A 6D
	   5B 6E 5C 6F 5D
 00000AA0  20 0E 21 0F 22	db 32, 14, 33, 15, 34, 16, 35, 17, 36, 18, 37, 19, 38, 20, 39, 21, 40, 22, 41, 23
	   10 23 11 24 12
	   25 13 26 14 27
	   15 28 16 29 17
 00000AB4  2A 18 2B 19 2C	db 42, 24, 43, 25, 44, 26, 45, 27, 98, 28, 96, 29, 48, 30, 49, 31, 50, 32, 115, 33
	   1A 2D 1B 62 1C
	   60 1D 30 1E 31
	   1F 32 20 73 21
 00000AC8  57 22 43 23 36	db 87, 34, 67, 35, 54, 36, 55, 37, 56, 38, 57, 39, 58, 40, 59, 41, 120, 42, 75, 43
	   24 37 25 38 26
	   39 27 3A 28 3B
	   29 78 2A 4B 2B
 00000ADC  7D 2C 3F 2D 40	db 125, 44, 63, 45, 64, 46, 65, 47, 130, 48, 78, 49, 82, 50, 132, 51, 133, 52, 134, 53
	   2E 41 2F 82 30
	   4E 31 52 32 84
	   33 85 34 86 35
 00000AF0  87 36 88 37 89	db 135, 54, 136, 55, 137, 56, 138, 57, 139, 58, 140, 59, 141, 60, 94, 61, 143, 62, 144, 63
	   38 8A 39 8B 3A
	   8C 3B 8D 3C 5E
	   3D 8F 3E 90 3F
 00000B04  91 40 62 41 B0	db 145, 64, 98, 65, 176, 66, 148, 67, 101, 68, 87, 69, 88, 70, 89, 71, 90, 72, 91, 73
	   42 94 43 65 44
	   57 45 58 46 59
	   47 5A 48 5B 49
 00000B18  5C 4A 6B 4B 82	db 92, 74, 107, 75, 130, 76, 102, 77, 96, 78, 97, 79, 98, 80, 173, 81, 149, 82, 165, 83
	   4C 66 4D 60 4E
	   61 4F 62 50 AD
	   51 95 52 A5 53
 00000B2C  66 54 67 55 68	db 102, 84, 103, 85, 104, 86, 105, 87, 106, 88, 107, 89, 108, 90, 109, 91, 110, 92, 111, 93
	   56 69 57 6A 58
	   6B 59 6C 5A 6D
	   5B 6E 5C 6F 5D
 00000B40  20 0E 21 0F 22	db 32, 14, 33, 15, 34, 16, 35, 17, 36, 18, 37, 19, 38, 20, 39, 21, 40, 22, 41, 23
	   10 23 11 24 12
	   25 13 26 14 27
	   15 28 16 29 17
 00000B54  2A 18 2B 19 2C	db 42, 24, 43, 25, 44, 26, 45, 27, 46, 28, 72, 29, 97, 30, 49, 31, 50, 32, 51, 33
	   1A 2D 1B 2E 1C
	   48 1D 61 1E 31
	   1F 32 20 33 21
 00000B68  74 22 58 23 44	db 116, 34, 88, 35, 68, 36, 55, 37, 56, 38, 57, 39, 58, 40, 59, 41, 60, 42, 96, 43
	   24 37 25 38 26
	   39 27 3A 28 3B
	   29 3C 2A 60 2B
 00000B7C  4C 2C 7F 2D 4B	db 76, 44, 127, 45, 75, 46, 79, 47, 129, 48, 67, 49, 68, 50, 69, 51, 70, 52, 71, 53
	   2E 4F 2F 81 30
	   43 31 44 32 45
	   33 46 34 47 35
 00000B90  48 36 49 37 4A	db 72, 54, 73, 55, 74, 56, 75, 57, 76, 58, 77, 59, 170, 60, 79, 61, 80, 62, 81, 63
	   38 4B 39 4C 3A
	   4D 3B AA 3C 4F
	   3D 50 3E 51 3F
 00000BA4  AE 40 62 41 62	db 174, 64, 98, 65, 98, 66, 121, 67, 93, 68, 87, 69, 88, 70, 89, 71, 90, 72, 91, 73
	   42 79 43 5D 44
	   57 45 58 46 59
	   47 5A 48 5B 49
 00000BB8  6A 4A 81 4B 65	db 106, 74, 129, 75, 101, 76, 95, 77, 96, 78, 97, 79, 172, 80, 148, 81, 107, 82, 101, 83
	   4C 5F 4D 60 4E
	   61 4F AC 50 94
	   51 6B 52 65 53
 00000BCC  66 54 67 55 68	db 102, 84, 103, 85, 104, 86, 105, 87, 106, 88, 107, 89, 108, 90, 109, 91, 110, 92, 111, 93
	   56 69 57 6A 58
	   6B 59 6C 5A 6D
	   5B 6E 5C 6F 5D
 00000BE0  20 0E 21 0F 22	db 32, 14, 33, 15, 34, 16, 35, 17, 36, 18, 37, 19, 38, 20, 39, 21, 40, 22, 41, 23
	   10 23 11 24 12
	   25 13 26 14 27
	   15 28 16 29 17
 00000BF4  2A 18 2B 19 2C	db 42, 24, 43, 25, 44, 26, 45, 27, 46, 28, 47, 29, 50, 30, 98, 31, 121, 32, 51, 33
	   1A 2D 1B 2E 1C
	   2F 1D 32 1E 62
	   1F 79 20 33 21
 00000C08  34 22 75 23 59	db 52, 34, 117, 35, 89, 36, 69, 37, 56, 38, 57, 39, 58, 40, 59, 41, 60, 42, 125, 43
	   24 45 25 38 26
	   39 27 3A 28 3B
	   29 3C 2A 7D 2B
 00000C1C  61 2C 4D 2D 40	db 97, 44, 77, 45, 64, 46, 65, 47, 66, 48, 131, 49, 70, 50, 80, 51, 83, 52, 84, 53
	   2E 41 2F 42 30
	   83 31 46 32 50
	   33 53 34 54 35
 00000C30  55 36 56 37 57	db 85, 54, 86, 55, 87, 56, 88, 57, 89, 58, 84, 59, 78, 60, 79, 61, 80, 62, 88, 63
	   38 58 39 59 3A
	   54 3B 4E 3C 4F
	   3D 50 3E 58 3F
 00000C44  52 40 61 41 78	db 82, 64, 97, 65, 120, 66, 92, 67, 86, 68, 87, 69, 88, 70, 89, 71, 90, 72, 105, 73
	   42 5C 43 56 44
	   57 45 58 46 59
	   47 5A 48 69 49
 00000C58  80 4A 64 4B 5E	db 128, 74, 100, 75, 94, 76, 95, 77, 96, 78, 177, 79, 153, 80, 163, 81, 100, 82, 101, 83
	   4C 5F 4D 60 4E
	   B1 4F 99 50 A3
	   51 64 52 65 53
 00000C6C  66 54 67 55 68	db 102, 84, 103, 85, 104, 86, 105, 87, 106, 88, 107, 89, 108, 90, 109, 91, 110, 92, 111, 93
	   56 69 57 6A 58
	   6B 59 6C 5A 6D
	   5B 6E 5C 6F 5D
 00000C80  20 0E 21 0F 22	db 32, 14, 33, 15, 34, 16, 35, 17, 36, 18, 37, 19, 38, 20, 39, 21, 40, 22, 41, 23
	   10 23 11 24 12
	   25 13 26 14 27
	   15 28 16 29 17
 00000C94  2A 18 2B 19 2C	db 42, 24, 43, 25, 44, 26, 45, 27, 46, 28, 47, 29, 48, 30, 111, 31, 105, 32, 100, 33
	   1A 2D 1B 2E 1C
	   2F 1D 30 1E 6F
	   1F 69 20 64 21
 00000CA8  8D 22 35 23 76	db 141, 34, 53, 35, 118, 36, 90, 37, 70, 38, 57, 39, 58, 40, 59, 41, 60, 42, 61, 43
	   24 5A 25 46 26
	   39 27 3A 28 3B
	   29 3C 2A 3D 2B
 00000CBC  7E 2C 62 2D 4E	db 126, 44, 98, 45, 78, 46, 65, 47, 66, 48, 67, 49, 68, 50, 69, 51, 70, 52, 71, 53
	   2E 41 2F 42 30
	   43 31 44 32 45
	   33 46 34 47 35
 00000CD0  48 36 72 37 4A	db 72, 54, 114, 55, 74, 56, 75, 57, 76, 58, 77, 59, 78, 60, 79, 61, 80, 62, 81, 63
	   38 4B 39 4C 3A
	   4D 3B 4E 3C 4F
	   3D 50 3E 51 3F
 00000CE4  60 40 77 41 5B	db 96, 64, 119, 65, 91, 66, 85, 67, 86, 68, 87, 69, 88, 70, 152, 71, 104, 72, 127, 73
	   42 55 43 56 44
	   57 45 58 46 98
	   47 68 48 7F 49
 00000CF8  63 4A 5D 4B B7	db 99, 74, 93, 75, 183, 76, 150, 77, 98, 78, 97, 79, 98, 80, 99, 81, 100, 82, 101, 83
	   4C 96 4D 62 4E
	   61 4F 62 50 63
	   51 64 52 65 53
 00000D0C  66 54 67 55 68	db 102, 84, 103, 85, 104, 86, 105, 87, 106, 88, 107, 89, 108, 90, 109, 91, 110, 92, 111, 93
	   56 69 57 6A 58
	   6B 59 6C 5A 6D
	   5B 6E 5C 6F 5D
 00000D20  20 0E 21 0F 22	db 32, 14, 33, 15, 34, 16, 35, 17, 36, 18, 37, 19, 38, 20, 39, 21, 40, 22, 41, 23
	   10 23 11 24 12
	   25 13 26 14 27
	   15 28 16 29 17
 00000D34  2A 18 2B 19 2C	db 42, 24, 43, 25, 44, 26, 45, 27, 46, 28, 47, 29, 48, 30, 49, 31, 50, 32, 113, 33
	   1A 2D 1B 2E 1C
	   2F 1D 30 1E 31
	   1F 32 20 71 21
 00000D48  4D 22 66 23 8F	db 77, 34, 102, 35, 143, 36, 118, 37, 120, 38, 92, 39, 72, 40, 59, 41, 60, 42, 61, 43
	   24 76 25 78 26
	   5C 27 48 28 3B
	   29 3C 2A 3D 2B
 00000D5C  3E 2C 7F 2D 63	db 62, 44, 127, 45, 99, 46, 79, 47, 66, 48, 67, 49, 68, 50, 69, 51, 70, 52, 71, 53
	   2E 4F 2F 42 30
	   43 31 44 32 45
	   33 46 34 47 35
 00000D70  48 36 72 37 4A	db 72, 54, 114, 55, 74, 56, 75, 57, 76, 58, 77, 59, 78, 60, 79, 61, 80, 62, 95, 63
	   38 4B 39 4C 3A
	   4D 3B 4E 3C 4F
	   3D 50 3E 5F 3F
 00000D84  76 40 5A 41 54	db 118, 64, 90, 65, 84, 66, 85, 67, 86, 68, 150, 69, 102, 70, 125, 71, 90, 72, 165, 73
	   42 55 43 56 44
	   96 45 66 46 7D
	   47 5A 48 A5 49
 00000D98  A3 4A 94 4B 60	db 163, 74, 148, 75, 96, 76, 95, 77, 96, 78, 97, 79, 98, 80, 99, 81, 100, 82, 101, 83
	   4C 5F 4D 60 4E
	   61 4F 62 50 63
	   51 64 52 65 53
 00000DAC  66 54 67 55 68	db 102, 84, 103, 85, 104, 86, 105, 87, 106, 88, 107, 89, 108, 90, 109, 91, 110, 92, 111, 93
	   56 69 57 6A 58
	   6B 59 6C 5A 6D
	   5B 6E 5C 6F 5D
 00000DC0  20 0E 21 0F 22	db 32, 14, 33, 15, 34, 16, 35, 17, 36, 18, 37, 19, 38, 20, 39, 21, 40, 22, 41, 23
	   10 23 11 24 12
	   25 13 26 14 27
	   15 28 16 29 17
 00000DD4  2A 18 2B 19 2C	db 42, 24, 43, 25, 44, 26, 45, 27, 46, 28, 47, 29, 48, 30, 49, 31, 50, 32, 51, 33
	   1A 2D 1B 2E 1C
	   2F 1D 30 1E 31
	   1F 32 20 33 21
 00000DE8  34 22 35 23 76	db 52, 34, 53, 35, 118, 36, 80, 37, 111, 38, 106, 39, 129, 40, 94, 41, 74, 42, 124, 43
	   24 50 25 6F 26
	   6A 27 81 28 5E
	   29 4A 2A 7C 2B
 00000DFC  7D 2C 3F 2D 80	db 125, 44, 63, 45, 128, 46, 100, 47, 80, 48, 67, 49, 68, 50, 69, 51, 70, 52, 71, 53
	   2E 64 2F 50 30
	   43 31 44 32 45
	   33 46 34 47 35
 00000E10  48 36 72 37 4A	db 72, 54, 114, 55, 74, 56, 75, 57, 76, 58, 77, 59, 78, 60, 79, 61, 94, 62, 117, 63
	   38 4B 39 4C 3A
	   4D 3B 4E 3C 4F
	   3D 5E 3E 75 3F
 00000E24  59 40 53 41 54	db 89, 64, 83, 65, 84, 66, 148, 67, 100, 68, 123, 69, 168, 70, 121, 71, 122, 72, 93, 73
	   42 94 43 64 44
	   7B 45 A8 46 79
	   47 7A 48 5D 49
 00000E38  9C 4A 5D 4B 5E	db 156, 74, 93, 75, 94, 76, 95, 77, 96, 78, 97, 79, 98, 80, 99, 81, 100, 82, 101, 83
	   4C 5F 4D 60 4E
	   61 4F 62 50 63
	   51 64 52 65 53
 00000E4C  66 54 67 55 68	db 102, 84, 103, 85, 104, 86, 105, 87, 106, 88, 107, 89, 108, 90, 109, 91, 110, 92, 111, 93
	   56 69 57 6A 58
	   6B 59 6C 5A 6D
	   5B 6E 5C 6F 5D
 00000E60  20 0E 21 0F 22	db 32, 14, 33, 15, 34, 16, 35, 17, 36, 18, 37, 19, 38, 20, 39, 21, 40, 22, 41, 23
	   10 23 11 24 12
	   25 13 26 14 27
	   15 28 16 29 17
 00000E74  2A 18 2B 19 2C	db 42, 24, 43, 25, 44, 26, 45, 27, 46, 28, 47, 29, 48, 30, 49, 31, 50, 32, 51, 33
	   1A 2D 1B 2E 1C
	   2F 1D 30 1E 31
	   1F 32 20 33 21
 00000E88  34 22 35 23 36	db 52, 34, 53, 35, 54, 36, 55, 37, 56, 38, 57, 39, 122, 40, 61, 41, 62, 42, 86, 43
	   24 37 25 38 26
	   39 27 7A 28 3D
	   29 3E 2A 56 2B
 00000E9C  75 2C 70 2D 71	db 117, 44, 112, 45, 113, 46, 136, 47, 137, 48, 156, 49, 157, 50, 158, 51, 159, 52, 160, 53
	   2E 88 2F 89 30
	   9C 31 9D 32 9E
	   33 9F 34 A0 35
 00000EB0  A1 36 90 37 A3	db 161, 54, 144, 55, 163, 56, 164, 57, 165, 58, 166, 59, 167, 60, 128, 61, 151, 62, 152, 63
	   38 A4 39 A5 3A
	   A6 3B A7 3C 80
	   3D 97 3E 98 3F
 00000EC4  83 40 8A 41 85	db 131, 64, 138, 65, 133, 66, 125, 67, 88, 68, 89, 69, 88, 70, 89, 71, 90, 72, 91, 73
	   42 7D 43 58 44
	   59 45 58 46 59
	   47 5A 48 5B 49
 00000ED8  5C 4A 5D 4B 5E	db 92, 74, 93, 75, 94, 76, 95, 77, 96, 78, 97, 79, 98, 80, 99, 81, 100, 82, 101, 83
	   4C 5F 4D 60 4E
	   61 4F 62 50 63
	   51 64 52 65 53
 00000EEC  66 54 67 55 68	db 102, 84, 103, 85, 104, 86, 105, 87, 106, 88, 107, 89, 108, 90, 109, 91, 110, 92, 111, 93
	   56 69 57 6A 58
	   6B 59 6C 5A 6D
	   5B 6E 5C 6F 5D

 00000F00 0C 27 01 0C 26	Smiley         RCC  <12,39, 1>,<12,38,'*'>,<12,37,'*'>,<12,36,'+'>
	   2A 0C 25 2A 0C
	   24 2B
 00000000			.code
 00000000			main PROC

 00000000  B8 00000004		     mov eax, LENGTHOF Smiley
					;;;;	Just a reminder how we can set the foreground and background colors
 00000005  B8 0000001F			mov	 	eax,white + (blue*16)	
 0000000A  E8 00000000 E		call	SetTextColor
 0000000F  E8 00000000 E		call 	Clrscr  
 00000014  BE 00000000		     mov esi,0
 00000019  B9 00000005		     mov ecx,5
 0000001E  E8 0000007D		     call putSmiley
 00000023  E8 00000000 E	     call readChar
 00000028  E8 0000000C		     call moveSmileyRight
 0000002D  E8 00000000 E	     call readChar
				;;moveTOP:
				  ;;  call moveSmileyRight
				;;mov eax, 1000
				   ;;  call delay
				;;loop moveTop
				   ;;  call putSmiley
				 ;;    call readChar
				     ;;call clearSmiley
				   ;;  call readChar
				 ;;    call putSmiley
				    


				    


					
					exit
 00000032  6A 00	   *	    push   +000000000h
 00000034  E8 00000000 E   *	    call   ExitProcess
 00000039			main ENDP
 00000039			moveSmileyRight PROC
 00000039  60			     pushad
				     
 0000003A  E8 0000003C		     call clearSmiley
				     ;;;;;;; adjust Smiley
 0000003F  B9 00000003		     mov ecx, lengthof smiley -1
 00000044  BF 00000009		     mov edi, (lengthof smiley -1)*sizeof RCC
 00000049  8B F7		     mov esi, edi
 0000004B  83 EF 03		     sub edi, sizeof RCC


 0000004E			RtTop:
 0000004E  8A A6 00000F00 R	     mov ah,Smiley[esi].row
 00000054  8A 86 00000F01 R	     mov al,Smiley[esi].col
 0000005A  88 A7 00000F00 R	     mov Smiley[edi].row,ah
 00000060  88 87 00000F01 R	     mov Smiley[edi].col,al
 00000066  83 EF 03		     sub edi,sizeof RCC
 00000069  83 EE 03		     sub esi,sizeof RCC
 0000006C  E2 E0		     loop RtTop
 0000006E  FE 05 00000F01 R	     inc  Smiley.col   
 00000074  E8 00000027		     call putSmiley

 00000079  61			     popad
 0000007A  C3			     ret
 0000007B			moveSmileyRight ENDP
 0000007B			clearSmiley PROC
 0000007B  60			     pushad
 0000007C  B9 00000004		     mov ecx, lengthof smiley
 00000081			TOP:
 00000081  8A B6 00000F00 R	     mov dh,Smiley[esi].row
 00000087  8A 96 00000F01 R	     mov dl,Smiley[esi].col
 0000008D  E8 00000000 E	     call Gotoxy

 00000092  B0 20		     mov al,' '
 00000094  E8 00000000 E	     call WriteChar

 00000099  83 C6 03		     add esi, SIZEOF RCC
 0000009C  E2 E3		     loop TOP
 0000009E  61			       popad
 0000009F  C3			 RET
				   
 000000A0			clearSmiley ENDP

 000000A0			putSmiley PROC
 000000A0  60			     pushad
 000000A1  B9 00000004		     mov ecx, lengthof smiley
 000000A6			TOP:
 000000A6  8A B6 00000F00 R	     mov dh,Smiley[esi].row
 000000AC  8A 96 00000F01 R	     mov dl,Smiley[esi].col
 000000B2  E8 00000000 E	     call Gotoxy

 000000B7  8A 86 00000F02 R	     mov al,Smiley[esi].char
 000000BD  E8 00000000 E	     call WriteChar

 000000C2  83 C6 03		     add esi, SIZEOF RCC
 000000C5  E2 DF		     loop TOP
 000000C7  61			     popad

 000000C8  C3			RET
 000000C9			 putSmiley ENDP

				END main
Microsoft (R) Macro Assembler Version 12.00.30501.0	    11/28/16 12:54:26
Structs.asm						     Symbols 2 - 1




Structures and Unions:

                N a m e                  Size
                                         Offset      Type

CONSOLE_CURSOR_INFO  . . . . . .	 00000008
  dwSize . . . . . . . . . . . .	 00000000	 DWord
  bVisible . . . . . . . . . . .	 00000004	 DWord
CONSOLE_SCREEN_BUFFER_INFO . . .	 00000016
  dwSize . . . . . . . . . . . .	 00000000	 DWord
  dwCursorPosition . . . . . . .	 00000004	 DWord
  wAttributes  . . . . . . . . .	 00000008	 Word
  srWindow . . . . . . . . . . .	 0000000A	 QWord
  dwMaximumWindowSize  . . . . .	 00000012	 DWord
COORD  . . . . . . . . . . . . .	 00000004
  X  . . . . . . . . . . . . . .	 00000000	 Word
  Y  . . . . . . . . . . . . . .	 00000002	 Word
CharAttrib . . . . . . . . . . .	 00000002
  TheChar  . . . . . . . . . . .	 00000000	 Byte
  TheAttrib  . . . . . . . . . .	 00000001	 Byte
FILETIME . . . . . . . . . . . .	 00000008
  loDateTime . . . . . . . . . .	 00000000	 DWord
  hiDateTime . . . . . . . . . .	 00000004	 DWord
FOCUS_EVENT_RECORD . . . . . . .	 00000004
  bSetFocus  . . . . . . . . . .	 00000000	 DWord
FPU_ENVIRON  . . . . . . . . . .	 0000001C
  controlWord  . . . . . . . . .	 00000000	 Word
  statusWord . . . . . . . . . .	 00000004	 Word
  tagWord  . . . . . . . . . . .	 00000008	 Word
  instrPointerOffset . . . . . .	 0000000C	 DWord
  instrPointerSelector . . . . .	 00000010	 DWord
  operandPointerOffset . . . . .	 00000014	 DWord
  operandPointerSelector . . . .	 00000018	 Word
INPUT_RECORD . . . . . . . . . .	 00000014
  EventType  . . . . . . . . . .	 00000000	 Word
  Event  . . . . . . . . . . . .	 00000004	 XmmWord
  bKeyDown . . . . . . . . . . .	 00000000	 DWord
  wRepeatCount . . . . . . . . .	 00000004	 Word
  wVirtualKeyCode  . . . . . . .	 00000006	 Word
  wVirtualScanCode . . . . . . .	 00000008	 Word
  uChar  . . . . . . . . . . . .	 0000000A	 Word
  UnicodeChar  . . . . . . . . .	 00000000	 Word
  AsciiChar  . . . . . . . . . .	 00000000	 Byte
  dwControlKeyState  . . . . . .	 0000000C	 DWord
  dwMousePosition  . . . . . . .	 00000000	 DWord
  dwButtonState  . . . . . . . .	 00000004	 DWord
  dwMouseControlKeyState . . . .	 00000008	 DWord
  dwEventFlags . . . . . . . . .	 0000000C	 DWord
  dwSize . . . . . . . . . . . .	 00000000	 DWord
  dwCommandId  . . . . . . . . .	 00000000	 DWord
  bSetFocus  . . . . . . . . . .	 00000000	 DWord
KEY_EVENT_RECORD . . . . . . . .	 00000010
  bKeyDown . . . . . . . . . . .	 00000000	 DWord
  wRepeatCount . . . . . . . . .	 00000004	 Word
  wVirtualKeyCode  . . . . . . .	 00000006	 Word
  wVirtualScanCode . . . . . . .	 00000008	 Word
  uChar  . . . . . . . . . . . .	 0000000A	 Word
  UnicodeChar  . . . . . . . . .	 00000000	 Word
  AsciiChar  . . . . . . . . . .	 00000000	 Byte
  dwControlKeyState  . . . . . .	 0000000C	 DWord
MENU_EVENT_RECORD  . . . . . . .	 00000004
  dwCommandId  . . . . . . . . .	 00000000	 DWord
MOUSE_EVENT_RECORD . . . . . . .	 00000010
  dwMousePosition  . . . . . . .	 00000000	 DWord
  dwButtonState  . . . . . . . .	 00000004	 DWord
  dwMouseControlKeyState . . . .	 00000008	 DWord
  dwEventFlags . . . . . . . . .	 0000000C	 DWord
RCC  . . . . . . . . . . . . . .	 00000003
  Row  . . . . . . . . . . . . .	 00000000	 Byte
  Col  . . . . . . . . . . . . .	 00000001	 Byte
  Char . . . . . . . . . . . . .	 00000002	 Byte
SMALL_RECT . . . . . . . . . . .	 00000008
  Left . . . . . . . . . . . . .	 00000000	 Word
  Top  . . . . . . . . . . . . .	 00000002	 Word
  Right  . . . . . . . . . . . .	 00000004	 Word
  Bottom . . . . . . . . . . . .	 00000006	 Word
SYSTEMTIME . . . . . . . . . . .	 00000010
  wYear  . . . . . . . . . . . .	 00000000	 Word
  wMonth . . . . . . . . . . . .	 00000002	 Word
  wDayOfWeek . . . . . . . . . .	 00000004	 Word
  wDay . . . . . . . . . . . . .	 00000006	 Word
  wHour  . . . . . . . . . . . .	 00000008	 Word
  wMinute  . . . . . . . . . . .	 0000000A	 Word
  wSecond  . . . . . . . . . . .	 0000000C	 Word
  wMilliseconds  . . . . . . . .	 0000000E	 Word
WINDOW_BUFFER_SIZE_RECORD  . . .	 00000004
  dwSize . . . . . . . . . . . .	 00000000	 DWord


Segments and Groups:

                N a m e                 Size     Length   Align   Combine Class

FLAT . . . . . . . . . . . . . .	GROUP
STACK  . . . . . . . . . . . . .	32 Bit	 00001000 Para	  Stack	  'STACK'	 
_DATA  . . . . . . . . . . . . .	32 Bit	 00000F0C Para	  Public  'DATA'	
_TEXT  . . . . . . . . . . . . .	32 Bit	 000000C9 Para	  Public  'CODE'	


Procedures, parameters, and locals:

                N a m e                 Type     Value    Attr

CloseFile  . . . . . . . . . . .	P Near	 00000000 FLAT	Length= 00000000 External STDCALL
CloseHandle  . . . . . . . . . .	P Near	 00000000 FLAT	Length= 00000000 External STDCALL
Clrscr . . . . . . . . . . . . .	P Near	 00000000 FLAT	Length= 00000000 External STDCALL
CreateFileA  . . . . . . . . . .	P Near	 00000000 FLAT	Length= 00000000 External STDCALL
CreateOutputFile . . . . . . . .	P Near	 00000000 FLAT	Length= 00000000 External STDCALL
Crlf . . . . . . . . . . . . . .	P Near	 00000000 FLAT	Length= 00000000 External STDCALL
Delay  . . . . . . . . . . . . .	P Near	 00000000 FLAT	Length= 00000000 External STDCALL
DumpMem  . . . . . . . . . . . .	P Near	 00000000 FLAT	Length= 00000000 External STDCALL
DumpRegs . . . . . . . . . . . .	P Near	 00000000 FLAT	Length= 00000000 External STDCALL
ExitProcess  . . . . . . . . . .	P Near	 00000000 FLAT	Length= 00000000 External STDCALL
FileTimeToDosDateTime  . . . . .	P Near	 00000000 FLAT	Length= 00000000 External STDCALL
FileTimeToSystemTime . . . . . .	P Near	 00000000 FLAT	Length= 00000000 External STDCALL
FlushConsoleInputBuffer  . . . .	P Near	 00000000 FLAT	Length= 00000000 External STDCALL
FormatMessageA . . . . . . . . .	P Near	 00000000 FLAT	Length= 00000000 External STDCALL
GetCommandLineA  . . . . . . . .	P Near	 00000000 FLAT	Length= 00000000 External STDCALL
GetCommandTail . . . . . . . . .	P Near	 00000000 FLAT	Length= 00000000 External STDCALL
GetConsoleCP . . . . . . . . . .	P Near	 00000000 FLAT	Length= 00000000 External STDCALL
GetConsoleCursorInfo . . . . . .	P Near	 00000000 FLAT	Length= 00000000 External STDCALL
GetConsoleMode . . . . . . . . .	P Near	 00000000 FLAT	Length= 00000000 External STDCALL
GetConsoleScreenBufferInfo . . .	P Near	 00000000 FLAT	Length= 00000000 External STDCALL
GetDateTime  . . . . . . . . . .	P Near	 00000000 FLAT	Length= 00000000 External STDCALL
GetFileTime  . . . . . . . . . .	P Near	 00000000 FLAT	Length= 00000000 External STDCALL
GetKeyState  . . . . . . . . . .	P Near	 00000000 FLAT	Length= 00000000 External STDCALL
GetLastError . . . . . . . . . .	P Near	 00000000 FLAT	Length= 00000000 External STDCALL
GetLocalTime . . . . . . . . . .	P Near	 00000000 FLAT	Length= 00000000 External STDCALL
GetMaxXY . . . . . . . . . . . .	P Near	 00000000 FLAT	Length= 00000000 External STDCALL
GetMseconds  . . . . . . . . . .	P Near	 00000000 FLAT	Length= 00000000 External STDCALL
GetNumberOfConsoleInputEvents  .	P Near	 00000000 FLAT	Length= 00000000 External STDCALL
GetProcessHeap . . . . . . . . .	P Near	 00000000 FLAT	Length= 00000000 External STDCALL
GetStdHandle . . . . . . . . . .	P Near	 00000000 FLAT	Length= 00000000 External STDCALL
GetSystemTime  . . . . . . . . .	P Near	 00000000 FLAT	Length= 00000000 External STDCALL
GetTextColor . . . . . . . . . .	P Near	 00000000 FLAT	Length= 00000000 External STDCALL
GetTickCount . . . . . . . . . .	P Near	 00000000 FLAT	Length= 00000000 External STDCALL
Gotoxy . . . . . . . . . . . . .	P Near	 00000000 FLAT	Length= 00000000 External STDCALL
HeapAlloc  . . . . . . . . . . .	P Near	 00000000 FLAT	Length= 00000000 External STDCALL
HeapCreate . . . . . . . . . . .	P Near	 00000000 FLAT	Length= 00000000 External STDCALL
HeapDestroy  . . . . . . . . . .	P Near	 00000000 FLAT	Length= 00000000 External STDCALL
HeapFree . . . . . . . . . . . .	P Near	 00000000 FLAT	Length= 00000000 External STDCALL
HeapSize . . . . . . . . . . . .	P Near	 00000000 FLAT	Length= 00000000 External STDCALL
IsDigit  . . . . . . . . . . . .	P Near	 00000000 FLAT	Length= 00000000 External STDCALL
LocalFree  . . . . . . . . . . .	P Near	 00000000 FLAT	Length= 00000000 External STDCALL
MessageBoxA  . . . . . . . . . .	P Near	 00000000 FLAT	Length= 00000000 External STDCALL
MsgBoxAsk  . . . . . . . . . . .	P Near	 00000000 FLAT	Length= 00000000 External STDCALL
MsgBox . . . . . . . . . . . . .	P Near	 00000000 FLAT	Length= 00000000 External STDCALL
OpenInputFile  . . . . . . . . .	P Near	 00000000 FLAT	Length= 00000000 External STDCALL
ParseDecimal32 . . . . . . . . .	P Near	 00000000 FLAT	Length= 00000000 External STDCALL
ParseInteger32 . . . . . . . . .	P Near	 00000000 FLAT	Length= 00000000 External STDCALL
PeekConsoleInputA  . . . . . . .	P Near	 00000000 FLAT	Length= 00000000 External STDCALL
Random32 . . . . . . . . . . . .	P Near	 00000000 FLAT	Length= 00000000 External STDCALL
RandomRange  . . . . . . . . . .	P Near	 00000000 FLAT	Length= 00000000 External STDCALL
Randomize  . . . . . . . . . . .	P Near	 00000000 FLAT	Length= 00000000 External STDCALL
ReadChar . . . . . . . . . . . .	P Near	 00000000 FLAT	Length= 00000000 External STDCALL
ReadConsoleA . . . . . . . . . .	P Near	 00000000 FLAT	Length= 00000000 External STDCALL
ReadConsoleInputA  . . . . . . .	P Near	 00000000 FLAT	Length= 00000000 External STDCALL
ReadDec  . . . . . . . . . . . .	P Near	 00000000 FLAT	Length= 00000000 External STDCALL
ReadFile . . . . . . . . . . . .	P Near	 00000000 FLAT	Length= 00000000 External STDCALL
ReadFloat  . . . . . . . . . . .	P Near	 00000000 FLAT	Length= 00000000 External STDCALL
ReadFromFile . . . . . . . . . .	P Near	 00000000 FLAT	Length= 00000000 External STDCALL
ReadHex  . . . . . . . . . . . .	P Near	 00000000 FLAT	Length= 00000000 External STDCALL
ReadInt  . . . . . . . . . . . .	P Near	 00000000 FLAT	Length= 00000000 External STDCALL
ReadKeyFlush . . . . . . . . . .	P Near	 00000000 FLAT	Length= 00000000 External STDCALL
ReadKey  . . . . . . . . . . . .	P Near	 00000000 FLAT	Length= 00000000 External STDCALL
ReadString . . . . . . . . . . .	P Near	 00000000 FLAT	Length= 00000000 External STDCALL
SetConsoleCursorInfo . . . . . .	P Near	 00000000 FLAT	Length= 00000000 External STDCALL
SetConsoleCursorPosition . . . .	P Near	 00000000 FLAT	Length= 00000000 External STDCALL
SetConsoleMode . . . . . . . . .	P Near	 00000000 FLAT	Length= 00000000 External STDCALL
SetConsoleScreenBufferSize . . .	P Near	 00000000 FLAT	Length= 00000000 External STDCALL
SetConsoleTextAttribute  . . . .	P Near	 00000000 FLAT	Length= 00000000 External STDCALL
SetConsoleTitleA . . . . . . . .	P Near	 00000000 FLAT	Length= 00000000 External STDCALL
SetConsoleWindowInfo . . . . . .	P Near	 00000000 FLAT	Length= 00000000 External STDCALL
SetFilePointer . . . . . . . . .	P Near	 00000000 FLAT	Length= 00000000 External STDCALL
SetLocalTime . . . . . . . . . .	P Near	 00000000 FLAT	Length= 00000000 External STDCALL
SetTextColor . . . . . . . . . .	P Near	 00000000 FLAT	Length= 00000000 External STDCALL
ShowFPUStack . . . . . . . . . .	P Near	 00000000 FLAT	Length= 00000000 External STDCALL
Sleep  . . . . . . . . . . . . .	P Near	 00000000 FLAT	Length= 00000000 External STDCALL
StrLength  . . . . . . . . . . .	P Near	 00000000 FLAT	Length= 00000000 External STDCALL
Str_compare  . . . . . . . . . .	P Near	 00000000 FLAT	Length= 00000000 External STDCALL
Str_copy . . . . . . . . . . . .	P Near	 00000000 FLAT	Length= 00000000 External STDCALL
Str_length . . . . . . . . . . .	P Near	 00000000 FLAT	Length= 00000000 External STDCALL
Str_trim . . . . . . . . . . . .	P Near	 00000000 FLAT	Length= 00000000 External STDCALL
Str_ucase  . . . . . . . . . . .	P Near	 00000000 FLAT	Length= 00000000 External STDCALL
SystemTimeToFileTime . . . . . .	P Near	 00000000 FLAT	Length= 00000000 External STDCALL
WaitMsg  . . . . . . . . . . . .	P Near	 00000000 FLAT	Length= 00000000 External STDCALL
WriteBinB  . . . . . . . . . . .	P Near	 00000000 FLAT	Length= 00000000 External STDCALL
WriteBin . . . . . . . . . . . .	P Near	 00000000 FLAT	Length= 00000000 External STDCALL
WriteChar  . . . . . . . . . . .	P Near	 00000000 FLAT	Length= 00000000 External STDCALL
WriteConsoleA  . . . . . . . . .	P Near	 00000000 FLAT	Length= 00000000 External STDCALL
WriteConsoleOutputAttribute  . .	P Near	 00000000 FLAT	Length= 00000000 External STDCALL
WriteConsoleOutputCharacterA . .	P Near	 00000000 FLAT	Length= 00000000 External STDCALL
WriteDec . . . . . . . . . . . .	P Near	 00000000 FLAT	Length= 00000000 External STDCALL
WriteFile  . . . . . . . . . . .	P Near	 00000000 FLAT	Length= 00000000 External STDCALL
WriteFloat . . . . . . . . . . .	P Near	 00000000 FLAT	Length= 00000000 External STDCALL
WriteHexB  . . . . . . . . . . .	P Near	 00000000 FLAT	Length= 00000000 External STDCALL
WriteHex . . . . . . . . . . . .	P Near	 00000000 FLAT	Length= 00000000 External STDCALL
WriteInt . . . . . . . . . . . .	P Near	 00000000 FLAT	Length= 00000000 External STDCALL
WriteStackFrameName  . . . . . .	P Near	 00000000 FLAT	Length= 00000000 External STDCALL
WriteStackFrame  . . . . . . . .	P Near	 00000000 FLAT	Length= 00000000 External STDCALL
WriteString  . . . . . . . . . .	P Near	 00000000 FLAT	Length= 00000000 External STDCALL
WriteToFile  . . . . . . . . . .	P Near	 00000000 FLAT	Length= 00000000 External STDCALL
WriteWindowsMsg  . . . . . . . .	P Near	 00000000 FLAT	Length= 00000000 External STDCALL
clearSmiley  . . . . . . . . . .	P Near	 0000007B _TEXT	Length= 00000025 Public STDCALL
  TOP  . . . . . . . . . . . . .	L Near	 00000081 _TEXT	
main . . . . . . . . . . . . . .	P Near	 00000000 _TEXT	Length= 00000039 Public STDCALL
moveSmileyRight  . . . . . . . .	P Near	 00000039 _TEXT	Length= 00000042 Public STDCALL
  RtTop  . . . . . . . . . . . .	L Near	 0000004E _TEXT	
printf . . . . . . . . . . . . .	P Near	 00000000 FLAT	Length= 00000000 External C
putSmiley  . . . . . . . . . . .	P Near	 000000A0 _TEXT	Length= 00000029 Public STDCALL
  TOP  . . . . . . . . . . . . .	L Near	 000000A6 _TEXT	
scanf  . . . . . . . . . . . . .	P Near	 00000000 FLAT	Length= 00000000 External C
wsprintfA  . . . . . . . . . . .	P Near	 00000000 FLAT	Length= 00000000 External C


Symbols:

                N a m e                 Type     Value    Attr

@CodeSize  . . . . . . . . . . .	Number	 00000000h   
@DataSize  . . . . . . . . . . .	Number	 00000000h   
@Interface . . . . . . . . . . .	Number	 00000003h   
@Model . . . . . . . . . . . . .	Number	 00000007h   
@code  . . . . . . . . . . . . .	Text   	 _TEXT
@data  . . . . . . . . . . . . .	Text   	 FLAT
@fardata?  . . . . . . . . . . .	Text   	 FLAT
@fardata . . . . . . . . . . . .	Text   	 FLAT
@stack . . . . . . . . . . . . .	Text   	 FLAT
ALT_MASK . . . . . . . . . . . .	Number	 00000003h   
CAPSLOCK_ON  . . . . . . . . . .	Number	 00000080h   
CREATE_ALWAYS  . . . . . . . . .	Number	 00000002h   
CREATE_NEW . . . . . . . . . . .	Number	 00000001h   
CTRL_MASK  . . . . . . . . . . .	Number	 0000000Ch   
CreateFile . . . . . . . . . . .	Text   	 CreateFileA
DO_NOT_SHARE . . . . . . . . . .	Number	 00000000h   
ENABLE_ECHO_INPUT  . . . . . . .	Number	 00000004h   
ENABLE_LINE_INPUT  . . . . . . .	Number	 00000002h   
ENABLE_MOUSE_INPUT . . . . . . .	Number	 00000010h   
ENABLE_PROCESSED_INPUT . . . . .	Number	 00000001h   
ENABLE_PROCESSED_OUTPUT  . . . .	Number	 00000001h   
ENABLE_WINDOW_INPUT  . . . . . .	Number	 00000008h   
ENABLE_WRAP_AT_EOL_OUTPUT  . . .	Number	 00000002h   
ENHANCED_KEY . . . . . . . . . .	Number	 00000100h   
FALSE  . . . . . . . . . . . . .	Number	 00000000h   
FILE_APPEND_DATA . . . . . . . .	Number	 00000004h   
FILE_ATTRIBUTE_ARCHIVE . . . . .	Number	 00000020h   
FILE_ATTRIBUTE_COMPRESSED  . . .	Number	 00000800h   
FILE_ATTRIBUTE_DEVICE  . . . . .	Number	 00000040h   
FILE_ATTRIBUTE_DIRECTORY . . . .	Number	 00000010h   
FILE_ATTRIBUTE_ENCRYPTED . . . .	Number	 00004000h   
FILE_ATTRIBUTE_HIDDEN  . . . . .	Number	 00000002h   
FILE_ATTRIBUTE_NORMAL  . . . . .	Number	 00000080h   
FILE_ATTRIBUTE_NOT_CONTENT_INDEXED .	Number	 00002000h   
FILE_ATTRIBUTE_OFFLINE . . . . .	Number	 00001000h   
FILE_ATTRIBUTE_READONLY  . . . .	Number	 00000001h   
FILE_ATTRIBUTE_REPARSE_POINT . .	Number	 00000400h   
FILE_ATTRIBUTE_SPARSE_FILE . . .	Number	 00000200h   
FILE_ATTRIBUTE_SYSTEM  . . . . .	Number	 00000004h   
FILE_ATTRIBUTE_TEMPORARY . . . .	Number	 00000100h   
FILE_BEGIN . . . . . . . . . . .	Number	 00000000h   
FILE_CURRENT . . . . . . . . . .	Number	 00000001h   
FILE_DELETE_CHILD  . . . . . . .	Number	 00000040h   
FILE_END . . . . . . . . . . . .	Number	 00000002h   
FILE_READ_DATA . . . . . . . . .	Number	 00000001h   
FILE_SHARE_DELETE  . . . . . . .	Number	 00000004h   
FILE_SHARE_READ  . . . . . . . .	Number	 00000001h   
FILE_SHARE_WRITE . . . . . . . .	Number	 00000002h   
FILE_WRITE_DATA  . . . . . . . .	Number	 00000002h   
FOCUS_EVENT  . . . . . . . . . .	Number	 00000010h   
FORMAT_MESSAGE_ALLOCATE_BUFFER .	Number	 00000100h   
FORMAT_MESSAGE_FROM_SYSTEM . . .	Number	 00001000h   
FormatMessage  . . . . . . . . .	Text   	 FormatMessageA
GENERIC_ALL  . . . . . . . . . .	Number	 10000000h   
GENERIC_EXECUTE  . . . . . . . .	Number	 20000000h   
GENERIC_READ . . . . . . . . . .	Number	 -80000000h   
GENERIC_WRITE  . . . . . . . . .	Number	 40000000h   
GetCommandLine . . . . . . . . .	Text   	 GetCommandLineA
HANDLE . . . . . . . . . . . . .	Text   	 DWORD
HEAP_GENERATE_EXCEPTIONS . . . .	Number	 00000004h   
HEAP_GROWABLE  . . . . . . . . .	Number	 00000002h   
HEAP_NO_SERIALIZE  . . . . . . .	Number	 00000001h   
HEAP_REALLOC_IN_PLACE_ONLY . . .	Number	 00000010h   
HEAP_ZERO_MEMORY . . . . . . . .	Number	 00000008h   
IDABORT  . . . . . . . . . . . .	Number	 00000003h   
IDCANCEL . . . . . . . . . . . .	Number	 00000002h   
IDCLOSE  . . . . . . . . . . . .	Number	 00000008h   
IDCONTINUE . . . . . . . . . . .	Number	 0000000Bh   
IDHELP . . . . . . . . . . . . .	Number	 00000009h   
IDIGNORE . . . . . . . . . . . .	Number	 00000005h   
IDNO . . . . . . . . . . . . . .	Number	 00000007h   
IDOK . . . . . . . . . . . . . .	Number	 00000001h   
IDRETRY  . . . . . . . . . . . .	Number	 00000004h   
IDTIMEOUT  . . . . . . . . . . .	Number	 00007D00h   
IDTRYAGAIN . . . . . . . . . . .	Number	 0000000Ah   
IDYES  . . . . . . . . . . . . .	Number	 00000006h   
INVALID_HANDLE_VALUE . . . . . .	Number	 -00000001h   
KBDOWN_FLAG  . . . . . . . . . .	Number	 00000001h   
KEY_EVENT  . . . . . . . . . . .	Number	 00000001h   
KEY_MASKS  . . . . . . . . . . .	Number	 0000001Fh   
LEFT_ALT_PRESSED . . . . . . . .	Number	 00000002h   
LEFT_CTRL_PRESSED  . . . . . . .	Number	 00000008h   
MB_ABORTRETRYIGNORE  . . . . . .	Number	 00000002h   
MB_APPLMODAL . . . . . . . . . .	Number	 00000000h   
MB_CANCELTRYCONTINUE . . . . . .	Number	 00000006h   
MB_DEFBUTTON1  . . . . . . . . .	Number	 00000000h   
MB_DEFBUTTON2  . . . . . . . . .	Number	 00000100h   
MB_DEFBUTTON3  . . . . . . . . .	Number	 00000200h   
MB_DEFBUTTON4  . . . . . . . . .	Number	 00000300h   
MB_HELP  . . . . . . . . . . . .	Number	 00004000h   
MB_ICONASTERISK  . . . . . . . .	Number	 00000040h   
MB_ICONERROR . . . . . . . . . .	Number	 00000010h   
MB_ICONEXCLAMATION . . . . . . .	Number	 00000030h   
MB_ICONHAND  . . . . . . . . . .	Number	 00000010h   
MB_ICONINFORMATION . . . . . . .	Number	 00000040h   
MB_ICONQUESTION  . . . . . . . .	Number	 00000020h   
MB_ICONSTOP  . . . . . . . . . .	Number	 00000010h   
MB_ICONWARNING . . . . . . . . .	Number	 00000030h   
MB_OKCANCEL  . . . . . . . . . .	Number	 00000001h   
MB_OK  . . . . . . . . . . . . .	Number	 00000000h   
MB_RETRYCANCEL . . . . . . . . .	Number	 00000005h   
MB_SYSTEMMODAL . . . . . . . . .	Number	 00001000h   
MB_TASKMODAL . . . . . . . . . .	Number	 00002000h   
MB_USERICON  . . . . . . . . . .	Number	 00000080h   
MB_YESNOCANCEL . . . . . . . . .	Number	 00000003h   
MB_YESNO . . . . . . . . . . . .	Number	 00000004h   
MENU_EVENT . . . . . . . . . . .	Number	 00000008h   
MOUSE_EVENT  . . . . . . . . . .	Number	 00000002h   
MessageBox . . . . . . . . . . .	Text   	 MessageBoxA
NULL . . . . . . . . . . . . . .	Number	 00000000h   
NUMLOCK_ON . . . . . . . . . . .	Number	 00000020h   
OPEN_ALWAYS  . . . . . . . . . .	Number	 00000004h   
OPEN_EXISTING  . . . . . . . . .	Number	 00000003h   
PeekConsoleInput . . . . . . . .	Text   	 PeekConsoleInputA
RIGHT_ALT_PRESSED  . . . . . . .	Number	 00000001h   
RIGHT_CTRL_PRESSED . . . . . . .	Number	 00000004h   
ReadConsoleInput . . . . . . . .	Text   	 ReadConsoleInputA
ReadConsole  . . . . . . . . . .	Text   	 ReadConsoleA
SCROLLLOCK_ON  . . . . . . . . .	Number	 00000040h   
SHIFT_MASK . . . . . . . . . . .	Number	 00000010h   
SHIFT_PRESSED  . . . . . . . . .	Number	 00000010h   
STD_ERROR_HANDLE . . . . . . . .	Number	 -0000000Ch   
STD_INPUT_HANDLE . . . . . . . .	Number	 -0000000Ah   
STD_OUTPUT_HANDLE  . . . . . . .	Number	 -0000000Bh   
SetConsoleTitle  . . . . . . . .	Text   	 SetConsoleTitleA
Smiley . . . . . . . . . . . . .	RCC	 00000F00 _DATA	
TAB  . . . . . . . . . . . . . .	Number	 00000009h   
TRUE . . . . . . . . . . . . . .	Number	 00000001h   
TRUNCATE_EXISTING  . . . . . . .	Number	 00000005h   
VK_11  . . . . . . . . . . . . .	Number	 000000BDh   
VK_12  . . . . . . . . . . . . .	Number	 000000BBh   
VK_ADD . . . . . . . . . . . . .	Number	 0000006Bh   
VK_BACK  . . . . . . . . . . . .	Number	 00000008h   
VK_CANCEL  . . . . . . . . . . .	Number	 00000003h   
VK_CAPITAL . . . . . . . . . . .	Number	 00000014h   
VK_CLEAR . . . . . . . . . . . .	Number	 0000000Ch   
VK_CONTROL . . . . . . . . . . .	Number	 00000011h   
VK_DECIMAL . . . . . . . . . . .	Number	 0000006Eh   
VK_DELETE  . . . . . . . . . . .	Number	 0000002Eh   
VK_DIVIDE  . . . . . . . . . . .	Number	 0000006Fh   
VK_DOWN  . . . . . . . . . . . .	Number	 00000028h   
VK_END . . . . . . . . . . . . .	Number	 00000023h   
VK_ESCAPE  . . . . . . . . . . .	Number	 0000001Bh   
VK_EXECUTE . . . . . . . . . . .	Number	 0000002Bh   
VK_F10 . . . . . . . . . . . . .	Number	 00000079h   
VK_F11 . . . . . . . . . . . . .	Number	 0000007Ah   
VK_F12 . . . . . . . . . . . . .	Number	 0000007Bh   
VK_F13 . . . . . . . . . . . . .	Number	 0000007Ch   
VK_F14 . . . . . . . . . . . . .	Number	 0000007Dh   
VK_F15 . . . . . . . . . . . . .	Number	 0000007Eh   
VK_F16 . . . . . . . . . . . . .	Number	 0000007Fh   
VK_F17 . . . . . . . . . . . . .	Number	 00000080h   
VK_F18 . . . . . . . . . . . . .	Number	 00000081h   
VK_F19 . . . . . . . . . . . . .	Number	 00000082h   
VK_F1  . . . . . . . . . . . . .	Number	 00000070h   
VK_F20 . . . . . . . . . . . . .	Number	 00000083h   
VK_F21 . . . . . . . . . . . . .	Number	 00000084h   
VK_F22 . . . . . . . . . . . . .	Number	 00000085h   
VK_F23 . . . . . . . . . . . . .	Number	 00000086h   
VK_F24 . . . . . . . . . . . . .	Number	 00000087h   
VK_F2  . . . . . . . . . . . . .	Number	 00000071h   
VK_F3  . . . . . . . . . . . . .	Number	 00000072h   
VK_F4  . . . . . . . . . . . . .	Number	 00000073h   
VK_F5  . . . . . . . . . . . . .	Number	 00000074h   
VK_F6  . . . . . . . . . . . . .	Number	 00000075h   
VK_F7  . . . . . . . . . . . . .	Number	 00000076h   
VK_F8  . . . . . . . . . . . . .	Number	 00000077h   
VK_F9  . . . . . . . . . . . . .	Number	 00000078h   
VK_HELP  . . . . . . . . . . . .	Number	 0000002Fh   
VK_HOME  . . . . . . . . . . . .	Number	 00000024h   
VK_INSERT  . . . . . . . . . . .	Number	 0000002Dh   
VK_LBUTTON . . . . . . . . . . .	Number	 00000001h   
VK_LCONTROL  . . . . . . . . . .	Number	 000000A2h   
VK_LEFT  . . . . . . . . . . . .	Number	 00000025h   
VK_LMENU . . . . . . . . . . . .	Number	 000000A4h   
VK_LSHIFT  . . . . . . . . . . .	Number	 000000A0h   
VK_MENU  . . . . . . . . . . . .	Number	 00000012h   
VK_MULTIPLY  . . . . . . . . . .	Number	 0000006Ah   
VK_NEXT  . . . . . . . . . . . .	Number	 00000022h   
VK_NUMLOCK . . . . . . . . . . .	Number	 00000090h   
VK_NUMPAD0 . . . . . . . . . . .	Number	 00000060h   
VK_NUMPAD1 . . . . . . . . . . .	Number	 00000061h   
VK_NUMPAD2 . . . . . . . . . . .	Number	 00000062h   
VK_NUMPAD3 . . . . . . . . . . .	Number	 00000063h   
VK_NUMPAD4 . . . . . . . . . . .	Number	 00000064h   
VK_NUMPAD5 . . . . . . . . . . .	Number	 00000065h   
VK_NUMPAD6 . . . . . . . . . . .	Number	 00000066h   
VK_NUMPAD7 . . . . . . . . . . .	Number	 00000067h   
VK_NUMPAD8 . . . . . . . . . . .	Number	 00000068h   
VK_NUMPAD9 . . . . . . . . . . .	Number	 00000069h   
VK_PAUSE . . . . . . . . . . . .	Number	 00000013h   
VK_PRINT . . . . . . . . . . . .	Number	 0000002Ah   
VK_PRIOR . . . . . . . . . . . .	Number	 00000021h   
VK_RBUTTON . . . . . . . . . . .	Number	 00000002h   
VK_RCONTROL  . . . . . . . . . .	Number	 000000A3h   
VK_RETURN  . . . . . . . . . . .	Number	 0000000Dh   
VK_RIGHT . . . . . . . . . . . .	Number	 00000027h   
VK_RMENU . . . . . . . . . . . .	Number	 000000A5h   
VK_RSHIFT  . . . . . . . . . . .	Number	 000000A1h   
VK_SCROLL  . . . . . . . . . . .	Number	 00000091h   
VK_SEPARATER . . . . . . . . . .	Number	 0000006Ch   
VK_SHIFT . . . . . . . . . . . .	Number	 00000010h   
VK_SNAPSHOT  . . . . . . . . . .	Number	 0000002Ch   
VK_SPACE . . . . . . . . . . . .	Number	 00000020h   
VK_SUBTRACT  . . . . . . . . . .	Number	 0000006Dh   
VK_TAB . . . . . . . . . . . . .	Number	 00000009h   
VK_UP  . . . . . . . . . . . . .	Number	 00000026h   
WINDOW_BUFFER_SIZE_EVENT . . . .	Number	 00000004h   
WriteConsoleOutputCharacter  . .	Text   	 WriteConsoleOutputCharacterA
WriteConsole . . . . . . . . . .	Text   	 WriteConsoleA
black  . . . . . . . . . . . . .	Number	 00000000h   
blue . . . . . . . . . . . . . .	Number	 00000001h   
brown  . . . . . . . . . . . . .	Number	 00000006h   
cyan . . . . . . . . . . . . . .	Number	 00000003h   
exit . . . . . . . . . . . . . .	Text   	 INVOKE ExitProcess,0
gray . . . . . . . . . . . . . .	Number	 00000008h   
green  . . . . . . . . . . . . .	Number	 00000002h   
lightBlue  . . . . . . . . . . .	Number	 00000009h   
lightCyan  . . . . . . . . . . .	Number	 0000000Bh   
lightGray  . . . . . . . . . . .	Number	 00000007h   
lightGreen . . . . . . . . . . .	Number	 0000000Ah   
lightMagenta . . . . . . . . . .	Number	 0000000Dh   
lightRed . . . . . . . . . . . .	Number	 0000000Ch   
magenta  . . . . . . . . . . . .	Number	 00000005h   
red  . . . . . . . . . . . . . .	Number	 00000004h   
surprise . . . . . . . . . . . .	Byte	 00000000 _DATA	
white  . . . . . . . . . . . . .	Number	 0000000Fh   
wsprintf . . . . . . . . . . . .	Text   	 wsprintfA
yellow . . . . . . . . . . . . .	Number	 0000000Eh   

	   0 Warnings
	   0 Errors
